<?xml version="1.0" encoding="UTF-8"?>
<testsuite xmlns:xsi="http://www.w3.org/2001/XMLSchema-instance" xsi:noNamespaceSchemaLocation="https://maven.apache.org/surefire/maven-surefire-plugin/xsd/surefire-test-report-3.0.xsd" version="3.0" name="com.cobol.translator.project.ProjectGeneratorTest" time="0.195" tests="40" errors="0" skipped="0" failures="0">
  <properties>
[...]
</properties>
  <testcase name="testCreateDirectoryStructure" classname="com.cobol.translator.project.ProjectGeneratorTest" time="0.018">
    <system-out><![CDATA[16:27:30.399 [main] INFO com.cobol.translator.config.TranslatorConfiguration -- Configuration loaded from: /tmp/junit18193378743643662649/test-translator.properties
16:27:30.402 [main] INFO com.cobol.translator.project.ProjectGenerator -- Creating target project: /tmp/junit18193378743643662649/cobol-batch-processor
16:27:30.404 [main] INFO com.cobol.translator.project.ProjectGenerator -- Directory structure created
16:27:30.404 [main] INFO com.cobol.translator.project.ProjectGenerator -- Generated pom.xml
16:27:30.404 [main] INFO com.cobol.translator.project.ProjectGenerator -- Generated application.properties
16:27:30.404 [main] INFO com.cobol.translator.project.ProjectGenerator -- Generated README.md
16:27:30.404 [main] INFO com.cobol.translator.project.ProjectGenerator -- Generated .gitignore
16:27:30.404 [main] INFO com.cobol.translator.project.ProjectGenerator -- Generated main application class: CobolBatchProcessorApplication
16:27:30.404 [main] INFO com.cobol.translator.project.ProjectGenerator -- Project structure created successfully at: /tmp/junit18193378743643662649/cobol-batch-processor
]]></system-out>
  </testcase>
  <testcase name="testCreatePackageStructure" classname="com.cobol.translator.project.ProjectGeneratorTest" time="0.003">
    <system-out><![CDATA[16:27:30.412 [main] INFO com.cobol.translator.config.TranslatorConfiguration -- Configuration loaded from: /tmp/junit14710832494316300875/test-translator.properties
16:27:30.412 [main] INFO com.cobol.translator.project.ProjectGenerator -- Creating target project: /tmp/junit14710832494316300875/cobol-batch-processor
16:27:30.413 [main] INFO com.cobol.translator.project.ProjectGenerator -- Directory structure created
16:27:30.413 [main] INFO com.cobol.translator.project.ProjectGenerator -- Generated pom.xml
16:27:30.413 [main] INFO com.cobol.translator.project.ProjectGenerator -- Generated application.properties
16:27:30.413 [main] INFO com.cobol.translator.project.ProjectGenerator -- Generated README.md
16:27:30.413 [main] INFO com.cobol.translator.project.ProjectGenerator -- Generated .gitignore
16:27:30.413 [main] INFO com.cobol.translator.project.ProjectGenerator -- Generated main application class: CobolBatchProcessorApplication
16:27:30.413 [main] INFO com.cobol.translator.project.ProjectGenerator -- Project structure created successfully at: /tmp/junit14710832494316300875/cobol-batch-processor
]]></system-out>
  </testcase>
  <testcase name="testCreateDataDirectories" classname="com.cobol.translator.project.ProjectGeneratorTest" time="0.003">
    <system-out><![CDATA[16:27:30.415 [main] INFO com.cobol.translator.config.TranslatorConfiguration -- Configuration loaded from: /tmp/junit12700328843930432564/test-translator.properties
16:27:30.416 [main] INFO com.cobol.translator.project.ProjectGenerator -- Creating target project: /tmp/junit12700328843930432564/cobol-batch-processor
16:27:30.416 [main] INFO com.cobol.translator.project.ProjectGenerator -- Directory structure created
16:27:30.416 [main] INFO com.cobol.translator.project.ProjectGenerator -- Generated pom.xml
16:27:30.416 [main] INFO com.cobol.translator.project.ProjectGenerator -- Generated application.properties
16:27:30.416 [main] INFO com.cobol.translator.project.ProjectGenerator -- Generated README.md
16:27:30.416 [main] INFO com.cobol.translator.project.ProjectGenerator -- Generated .gitignore
16:27:30.416 [main] INFO com.cobol.translator.project.ProjectGenerator -- Generated main application class: CobolBatchProcessorApplication
16:27:30.416 [main] INFO com.cobol.translator.project.ProjectGenerator -- Project structure created successfully at: /tmp/junit12700328843930432564/cobol-batch-processor
]]></system-out>
  </testcase>
  <testcase name="testCreateDocsDirectory" classname="com.cobol.translator.project.ProjectGeneratorTest" time="0.007">
    <system-out><![CDATA[16:27:30.423 [main] INFO com.cobol.translator.config.TranslatorConfiguration -- Configuration loaded from: /tmp/junit1621991772307545566/test-translator.properties
16:27:30.423 [main] INFO com.cobol.translator.project.ProjectGenerator -- Creating target project: /tmp/junit1621991772307545566/cobol-batch-processor
16:27:30.424 [main] INFO com.cobol.translator.project.ProjectGenerator -- Directory structure created
16:27:30.424 [main] INFO com.cobol.translator.project.ProjectGenerator -- Generated pom.xml
16:27:30.424 [main] INFO com.cobol.translator.project.ProjectGenerator -- Generated application.properties
16:27:30.424 [main] INFO com.cobol.translator.project.ProjectGenerator -- Generated README.md
16:27:30.424 [main] INFO com.cobol.translator.project.ProjectGenerator -- Generated .gitignore
16:27:30.424 [main] INFO com.cobol.translator.project.ProjectGenerator -- Generated main application class: CobolBatchProcessorApplication
16:27:30.424 [main] INFO com.cobol.translator.project.ProjectGenerator -- Project structure created successfully at: /tmp/junit1621991772307545566/cobol-batch-processor
]]></system-out>
  </testcase>
  <testcase name="testGeneratePomXml" classname="com.cobol.translator.project.ProjectGeneratorTest" time="0.003">
    <system-out><![CDATA[16:27:30.427 [main] INFO com.cobol.translator.config.TranslatorConfiguration -- Configuration loaded from: /tmp/junit8432197414779860802/test-translator.properties
16:27:30.427 [main] INFO com.cobol.translator.project.ProjectGenerator -- Creating target project: /tmp/junit8432197414779860802/cobol-batch-processor
16:27:30.427 [main] INFO com.cobol.translator.project.ProjectGenerator -- Directory structure created
16:27:30.427 [main] INFO com.cobol.translator.project.ProjectGenerator -- Generated pom.xml
16:27:30.428 [main] INFO com.cobol.translator.project.ProjectGenerator -- Generated application.properties
16:27:30.428 [main] INFO com.cobol.translator.project.ProjectGenerator -- Generated README.md
16:27:30.428 [main] INFO com.cobol.translator.project.ProjectGenerator -- Generated .gitignore
16:27:30.428 [main] INFO com.cobol.translator.project.ProjectGenerator -- Generated main application class: CobolBatchProcessorApplication
16:27:30.428 [main] INFO com.cobol.translator.project.ProjectGenerator -- Project structure created successfully at: /tmp/junit8432197414779860802/cobol-batch-processor
]]></system-out>
  </testcase>
  <testcase name="testPomXmlProjectInfo" classname="com.cobol.translator.project.ProjectGeneratorTest" time="0.004">
    <system-out><![CDATA[16:27:30.430 [main] INFO com.cobol.translator.config.TranslatorConfiguration -- Configuration loaded from: /tmp/junit6657200441301599658/test-translator.properties
16:27:30.430 [main] INFO com.cobol.translator.project.ProjectGenerator -- Creating target project: /tmp/junit6657200441301599658/cobol-batch-processor
16:27:30.430 [main] INFO com.cobol.translator.project.ProjectGenerator -- Directory structure created
16:27:30.431 [main] INFO com.cobol.translator.project.ProjectGenerator -- Generated pom.xml
16:27:30.431 [main] INFO com.cobol.translator.project.ProjectGenerator -- Generated application.properties
16:27:30.431 [main] INFO com.cobol.translator.project.ProjectGenerator -- Generated README.md
16:27:30.431 [main] INFO com.cobol.translator.project.ProjectGenerator -- Generated .gitignore
16:27:30.431 [main] INFO com.cobol.translator.project.ProjectGenerator -- Generated main application class: CobolBatchProcessorApplication
16:27:30.431 [main] INFO com.cobol.translator.project.ProjectGenerator -- Project structure created successfully at: /tmp/junit6657200441301599658/cobol-batch-processor
]]></system-out>
  </testcase>
  <testcase name="testPomXmlSpringBootParent" classname="com.cobol.translator.project.ProjectGeneratorTest" time="0.005">
    <system-out><![CDATA[16:27:30.436 [main] INFO com.cobol.translator.config.TranslatorConfiguration -- Configuration loaded from: /tmp/junit13024705964304418873/test-translator.properties
16:27:30.437 [main] INFO com.cobol.translator.project.ProjectGenerator -- Creating target project: /tmp/junit13024705964304418873/cobol-batch-processor
16:27:30.437 [main] INFO com.cobol.translator.project.ProjectGenerator -- Directory structure created
16:27:30.437 [main] INFO com.cobol.translator.project.ProjectGenerator -- Generated pom.xml
16:27:30.437 [main] INFO com.cobol.translator.project.ProjectGenerator -- Generated application.properties
16:27:30.438 [main] INFO com.cobol.translator.project.ProjectGenerator -- Generated README.md
16:27:30.438 [main] INFO com.cobol.translator.project.ProjectGenerator -- Generated .gitignore
16:27:30.438 [main] INFO com.cobol.translator.project.ProjectGenerator -- Generated main application class: CobolBatchProcessorApplication
16:27:30.438 [main] INFO com.cobol.translator.project.ProjectGenerator -- Project structure created successfully at: /tmp/junit13024705964304418873/cobol-batch-processor
]]></system-out>
  </testcase>
  <testcase name="testPomXmlProperties" classname="com.cobol.translator.project.ProjectGeneratorTest" time="0.008">
    <system-out><![CDATA[16:27:30.440 [main] INFO com.cobol.translator.config.TranslatorConfiguration -- Configuration loaded from: /tmp/junit17417055190974476083/test-translator.properties
16:27:30.441 [main] INFO com.cobol.translator.project.ProjectGenerator -- Creating target project: /tmp/junit17417055190974476083/cobol-batch-processor
16:27:30.441 [main] INFO com.cobol.translator.project.ProjectGenerator -- Directory structure created
16:27:30.441 [main] INFO com.cobol.translator.project.ProjectGenerator -- Generated pom.xml
16:27:30.441 [main] INFO com.cobol.translator.project.ProjectGenerator -- Generated application.properties
16:27:30.441 [main] INFO com.cobol.translator.project.ProjectGenerator -- Generated README.md
16:27:30.441 [main] INFO com.cobol.translator.project.ProjectGenerator -- Generated .gitignore
16:27:30.445 [main] INFO com.cobol.translator.project.ProjectGenerator -- Generated main application class: CobolBatchProcessorApplication
16:27:30.445 [main] INFO com.cobol.translator.project.ProjectGenerator -- Project structure created successfully at: /tmp/junit17417055190974476083/cobol-batch-processor
]]></system-out>
  </testcase>
  <testcase name="testPomXmlSpringBootDependencies" classname="com.cobol.translator.project.ProjectGeneratorTest" time="0.004">
    <system-out><![CDATA[16:27:30.447 [main] INFO com.cobol.translator.config.TranslatorConfiguration -- Configuration loaded from: /tmp/junit11800030092760479143/test-translator.properties
16:27:30.448 [main] INFO com.cobol.translator.project.ProjectGenerator -- Creating target project: /tmp/junit11800030092760479143/cobol-batch-processor
16:27:30.448 [main] INFO com.cobol.translator.project.ProjectGenerator -- Directory structure created
16:27:30.448 [main] INFO com.cobol.translator.project.ProjectGenerator -- Generated pom.xml
16:27:30.448 [main] INFO com.cobol.translator.project.ProjectGenerator -- Generated application.properties
16:27:30.448 [main] INFO com.cobol.translator.project.ProjectGenerator -- Generated README.md
16:27:30.448 [main] INFO com.cobol.translator.project.ProjectGenerator -- Generated .gitignore
16:27:30.448 [main] INFO com.cobol.translator.project.ProjectGenerator -- Generated main application class: CobolBatchProcessorApplication
16:27:30.448 [main] INFO com.cobol.translator.project.ProjectGenerator -- Project structure created successfully at: /tmp/junit11800030092760479143/cobol-batch-processor
]]></system-out>
  </testcase>
  <testcase name="testPomXmlDatabaseDependency" classname="com.cobol.translator.project.ProjectGeneratorTest" time="0.004">
    <system-out><![CDATA[16:27:30.457 [main] INFO com.cobol.translator.config.TranslatorConfiguration -- Configuration loaded from: /tmp/junit6869680610093383552/test-translator.properties
16:27:30.458 [main] INFO com.cobol.translator.project.ProjectGenerator -- Creating target project: /tmp/junit6869680610093383552/cobol-batch-processor
16:27:30.458 [main] INFO com.cobol.translator.project.ProjectGenerator -- Directory structure created
16:27:30.458 [main] INFO com.cobol.translator.project.ProjectGenerator -- Generated pom.xml
16:27:30.458 [main] INFO com.cobol.translator.project.ProjectGenerator -- Generated application.properties
16:27:30.458 [main] INFO com.cobol.translator.project.ProjectGenerator -- Generated README.md
16:27:30.459 [main] INFO com.cobol.translator.project.ProjectGenerator -- Generated .gitignore
16:27:30.459 [main] INFO com.cobol.translator.project.ProjectGenerator -- Generated main application class: CobolBatchProcessorApplication
16:27:30.459 [main] INFO com.cobol.translator.project.ProjectGenerator -- Project structure created successfully at: /tmp/junit6869680610093383552/cobol-batch-processor
]]></system-out>
  </testcase>
  <testcase name="testPomXmlLombokDependency" classname="com.cobol.translator.project.ProjectGeneratorTest" time="0.003">
    <system-out><![CDATA[16:27:30.461 [main] INFO com.cobol.translator.config.TranslatorConfiguration -- Configuration loaded from: /tmp/junit17783526395722755011/test-translator.properties
16:27:30.461 [main] INFO com.cobol.translator.project.ProjectGenerator -- Creating target project: /tmp/junit17783526395722755011/cobol-batch-processor
16:27:30.462 [main] INFO com.cobol.translator.project.ProjectGenerator -- Directory structure created
16:27:30.462 [main] INFO com.cobol.translator.project.ProjectGenerator -- Generated pom.xml
16:27:30.462 [main] INFO com.cobol.translator.project.ProjectGenerator -- Generated application.properties
16:27:30.462 [main] INFO com.cobol.translator.project.ProjectGenerator -- Generated README.md
16:27:30.462 [main] INFO com.cobol.translator.project.ProjectGenerator -- Generated .gitignore
16:27:30.463 [main] INFO com.cobol.translator.project.ProjectGenerator -- Generated main application class: CobolBatchProcessorApplication
16:27:30.463 [main] INFO com.cobol.translator.project.ProjectGenerator -- Project structure created successfully at: /tmp/junit17783526395722755011/cobol-batch-processor
]]></system-out>
  </testcase>
  <testcase name="testPomXmlTestDependencies" classname="com.cobol.translator.project.ProjectGeneratorTest" time="0.003">
    <system-out><![CDATA[16:27:30.466 [main] INFO com.cobol.translator.config.TranslatorConfiguration -- Configuration loaded from: /tmp/junit6769899222133902400/test-translator.properties
16:27:30.466 [main] INFO com.cobol.translator.project.ProjectGenerator -- Creating target project: /tmp/junit6769899222133902400/cobol-batch-processor
16:27:30.466 [main] INFO com.cobol.translator.project.ProjectGenerator -- Directory structure created
16:27:30.466 [main] INFO com.cobol.translator.project.ProjectGenerator -- Generated pom.xml
16:27:30.466 [main] INFO com.cobol.translator.project.ProjectGenerator -- Generated application.properties
16:27:30.466 [main] INFO com.cobol.translator.project.ProjectGenerator -- Generated README.md
16:27:30.466 [main] INFO com.cobol.translator.project.ProjectGenerator -- Generated .gitignore
16:27:30.466 [main] INFO com.cobol.translator.project.ProjectGenerator -- Generated main application class: CobolBatchProcessorApplication
16:27:30.466 [main] INFO com.cobol.translator.project.ProjectGenerator -- Project structure created successfully at: /tmp/junit6769899222133902400/cobol-batch-processor
]]></system-out>
  </testcase>
  <testcase name="testPomXmlMavenPlugin" classname="com.cobol.translator.project.ProjectGeneratorTest" time="0.002">
    <system-out><![CDATA[16:27:30.469 [main] INFO com.cobol.translator.config.TranslatorConfiguration -- Configuration loaded from: /tmp/junit10482241398890116618/test-translator.properties
16:27:30.470 [main] INFO com.cobol.translator.project.ProjectGenerator -- Creating target project: /tmp/junit10482241398890116618/cobol-batch-processor
16:27:30.470 [main] INFO com.cobol.translator.project.ProjectGenerator -- Directory structure created
16:27:30.470 [main] INFO com.cobol.translator.project.ProjectGenerator -- Generated pom.xml
16:27:30.470 [main] INFO com.cobol.translator.project.ProjectGenerator -- Generated application.properties
16:27:30.470 [main] INFO com.cobol.translator.project.ProjectGenerator -- Generated README.md
16:27:30.470 [main] INFO com.cobol.translator.project.ProjectGenerator -- Generated .gitignore
16:27:30.470 [main] INFO com.cobol.translator.project.ProjectGenerator -- Generated main application class: CobolBatchProcessorApplication
16:27:30.470 [main] INFO com.cobol.translator.project.ProjectGenerator -- Project structure created successfully at: /tmp/junit10482241398890116618/cobol-batch-processor
]]></system-out>
  </testcase>
  <testcase name="testPomXmlValidXml" classname="com.cobol.translator.project.ProjectGeneratorTest" time="0.007">
    <system-out><![CDATA[16:27:30.472 [main] INFO com.cobol.translator.config.TranslatorConfiguration -- Configuration loaded from: /tmp/junit3705690804356125825/test-translator.properties
16:27:30.472 [main] INFO com.cobol.translator.project.ProjectGenerator -- Creating target project: /tmp/junit3705690804356125825/cobol-batch-processor
16:27:30.472 [main] INFO com.cobol.translator.project.ProjectGenerator -- Directory structure created
16:27:30.472 [main] INFO com.cobol.translator.project.ProjectGenerator -- Generated pom.xml
16:27:30.472 [main] INFO com.cobol.translator.project.ProjectGenerator -- Generated application.properties
16:27:30.473 [main] INFO com.cobol.translator.project.ProjectGenerator -- Generated README.md
16:27:30.473 [main] INFO com.cobol.translator.project.ProjectGenerator -- Generated .gitignore
16:27:30.473 [main] INFO com.cobol.translator.project.ProjectGenerator -- Generated main application class: CobolBatchProcessorApplication
16:27:30.473 [main] INFO com.cobol.translator.project.ProjectGenerator -- Project structure created successfully at: /tmp/junit3705690804356125825/cobol-batch-processor
]]></system-out>
  </testcase>
  <testcase name="testGenerateApplicationProperties" classname="com.cobol.translator.project.ProjectGeneratorTest" time="0.003">
    <system-out><![CDATA[16:27:30.479 [main] INFO com.cobol.translator.config.TranslatorConfiguration -- Configuration loaded from: /tmp/junit13589817406172330594/test-translator.properties
16:27:30.479 [main] INFO com.cobol.translator.project.ProjectGenerator -- Creating target project: /tmp/junit13589817406172330594/cobol-batch-processor
16:27:30.479 [main] INFO com.cobol.translator.project.ProjectGenerator -- Directory structure created
16:27:30.479 [main] INFO com.cobol.translator.project.ProjectGenerator -- Generated pom.xml
16:27:30.479 [main] INFO com.cobol.translator.project.ProjectGenerator -- Generated application.properties
16:27:30.480 [main] INFO com.cobol.translator.project.ProjectGenerator -- Generated README.md
16:27:30.480 [main] INFO com.cobol.translator.project.ProjectGenerator -- Generated .gitignore
16:27:30.480 [main] INFO com.cobol.translator.project.ProjectGenerator -- Generated main application class: CobolBatchProcessorApplication
16:27:30.480 [main] INFO com.cobol.translator.project.ProjectGenerator -- Project structure created successfully at: /tmp/junit13589817406172330594/cobol-batch-processor
]]></system-out>
  </testcase>
  <testcase name="testApplicationPropertiesAppName" classname="com.cobol.translator.project.ProjectGeneratorTest" time="0.006">
    <system-out><![CDATA[16:27:30.483 [main] INFO com.cobol.translator.config.TranslatorConfiguration -- Configuration loaded from: /tmp/junit16261504546987091751/test-translator.properties
16:27:30.486 [main] INFO com.cobol.translator.project.ProjectGenerator -- Creating target project: /tmp/junit16261504546987091751/cobol-batch-processor
16:27:30.486 [main] INFO com.cobol.translator.project.ProjectGenerator -- Directory structure created
16:27:30.486 [main] INFO com.cobol.translator.project.ProjectGenerator -- Generated pom.xml
16:27:30.486 [main] INFO com.cobol.translator.project.ProjectGenerator -- Generated application.properties
16:27:30.486 [main] INFO com.cobol.translator.project.ProjectGenerator -- Generated README.md
16:27:30.486 [main] INFO com.cobol.translator.project.ProjectGenerator -- Generated .gitignore
16:27:30.486 [main] INFO com.cobol.translator.project.ProjectGenerator -- Generated main application class: CobolBatchProcessorApplication
16:27:30.486 [main] INFO com.cobol.translator.project.ProjectGenerator -- Project structure created successfully at: /tmp/junit16261504546987091751/cobol-batch-processor
]]></system-out>
  </testcase>
  <testcase name="testApplicationPropertiesDatasource" classname="com.cobol.translator.project.ProjectGeneratorTest" time="0.004">
    <system-out><![CDATA[16:27:30.491 [main] INFO com.cobol.translator.config.TranslatorConfiguration -- Configuration loaded from: /tmp/junit9081670485907729322/test-translator.properties
16:27:30.491 [main] INFO com.cobol.translator.project.ProjectGenerator -- Creating target project: /tmp/junit9081670485907729322/cobol-batch-processor
16:27:30.491 [main] INFO com.cobol.translator.project.ProjectGenerator -- Directory structure created
16:27:30.491 [main] INFO com.cobol.translator.project.ProjectGenerator -- Generated pom.xml
16:27:30.491 [main] INFO com.cobol.translator.project.ProjectGenerator -- Generated application.properties
16:27:30.492 [main] INFO com.cobol.translator.project.ProjectGenerator -- Generated README.md
16:27:30.492 [main] INFO com.cobol.translator.project.ProjectGenerator -- Generated .gitignore
16:27:30.492 [main] INFO com.cobol.translator.project.ProjectGenerator -- Generated main application class: CobolBatchProcessorApplication
16:27:30.492 [main] INFO com.cobol.translator.project.ProjectGenerator -- Project structure created successfully at: /tmp/junit9081670485907729322/cobol-batch-processor
]]></system-out>
  </testcase>
  <testcase name="testApplicationPropertiesJpa" classname="com.cobol.translator.project.ProjectGeneratorTest" time="0.006">
    <system-out><![CDATA[16:27:30.494 [main] INFO com.cobol.translator.config.TranslatorConfiguration -- Configuration loaded from: /tmp/junit481718892294817926/test-translator.properties
16:27:30.498 [main] INFO com.cobol.translator.project.ProjectGenerator -- Creating target project: /tmp/junit481718892294817926/cobol-batch-processor
16:27:30.498 [main] INFO com.cobol.translator.project.ProjectGenerator -- Directory structure created
16:27:30.499 [main] INFO com.cobol.translator.project.ProjectGenerator -- Generated pom.xml
16:27:30.499 [main] INFO com.cobol.translator.project.ProjectGenerator -- Generated application.properties
16:27:30.499 [main] INFO com.cobol.translator.project.ProjectGenerator -- Generated README.md
16:27:30.499 [main] INFO com.cobol.translator.project.ProjectGenerator -- Generated .gitignore
16:27:30.499 [main] INFO com.cobol.translator.project.ProjectGenerator -- Generated main application class: CobolBatchProcessorApplication
16:27:30.499 [main] INFO com.cobol.translator.project.ProjectGenerator -- Project structure created successfully at: /tmp/junit481718892294817926/cobol-batch-processor
]]></system-out>
  </testcase>
  <testcase name="testApplicationPropertiesLogging" classname="com.cobol.translator.project.ProjectGeneratorTest" time="0.002">
    <system-out><![CDATA[16:27:30.501 [main] INFO com.cobol.translator.config.TranslatorConfiguration -- Configuration loaded from: /tmp/junit15668811980161197661/test-translator.properties
16:27:30.501 [main] INFO com.cobol.translator.project.ProjectGenerator -- Creating target project: /tmp/junit15668811980161197661/cobol-batch-processor
16:27:30.502 [main] INFO com.cobol.translator.project.ProjectGenerator -- Directory structure created
16:27:30.502 [main] INFO com.cobol.translator.project.ProjectGenerator -- Generated pom.xml
16:27:30.502 [main] INFO com.cobol.translator.project.ProjectGenerator -- Generated application.properties
16:27:30.502 [main] INFO com.cobol.translator.project.ProjectGenerator -- Generated README.md
16:27:30.502 [main] INFO com.cobol.translator.project.ProjectGenerator -- Generated .gitignore
16:27:30.502 [main] INFO com.cobol.translator.project.ProjectGenerator -- Generated main application class: CobolBatchProcessorApplication
16:27:30.502 [main] INFO com.cobol.translator.project.ProjectGenerator -- Project structure created successfully at: /tmp/junit15668811980161197661/cobol-batch-processor
]]></system-out>
  </testcase>
  <testcase name="testApplicationPropertiesFilePaths" classname="com.cobol.translator.project.ProjectGeneratorTest" time="0.003">
    <system-out><![CDATA[16:27:30.504 [main] INFO com.cobol.translator.config.TranslatorConfiguration -- Configuration loaded from: /tmp/junit12582637309112815760/test-translator.properties
16:27:30.504 [main] INFO com.cobol.translator.project.ProjectGenerator -- Creating target project: /tmp/junit12582637309112815760/cobol-batch-processor
16:27:30.504 [main] INFO com.cobol.translator.project.ProjectGenerator -- Directory structure created
16:27:30.504 [main] INFO com.cobol.translator.project.ProjectGenerator -- Generated pom.xml
16:27:30.505 [main] INFO com.cobol.translator.project.ProjectGenerator -- Generated application.properties
16:27:30.505 [main] INFO com.cobol.translator.project.ProjectGenerator -- Generated README.md
16:27:30.505 [main] INFO com.cobol.translator.project.ProjectGenerator -- Generated .gitignore
16:27:30.505 [main] INFO com.cobol.translator.project.ProjectGenerator -- Generated main application class: CobolBatchProcessorApplication
16:27:30.505 [main] INFO com.cobol.translator.project.ProjectGenerator -- Project structure created successfully at: /tmp/junit12582637309112815760/cobol-batch-processor
]]></system-out>
  </testcase>
  <testcase name="testApplicationPropertiesBatchConfig" classname="com.cobol.translator.project.ProjectGeneratorTest" time="0.003">
    <system-out><![CDATA[16:27:30.507 [main] INFO com.cobol.translator.config.TranslatorConfiguration -- Configuration loaded from: /tmp/junit6563504964498744050/test-translator.properties
16:27:30.507 [main] INFO com.cobol.translator.project.ProjectGenerator -- Creating target project: /tmp/junit6563504964498744050/cobol-batch-processor
16:27:30.507 [main] INFO com.cobol.translator.project.ProjectGenerator -- Directory structure created
16:27:30.507 [main] INFO com.cobol.translator.project.ProjectGenerator -- Generated pom.xml
16:27:30.507 [main] INFO com.cobol.translator.project.ProjectGenerator -- Generated application.properties
16:27:30.508 [main] INFO com.cobol.translator.project.ProjectGenerator -- Generated README.md
16:27:30.508 [main] INFO com.cobol.translator.project.ProjectGenerator -- Generated .gitignore
16:27:30.508 [main] INFO com.cobol.translator.project.ProjectGenerator -- Generated main application class: CobolBatchProcessorApplication
16:27:30.508 [main] INFO com.cobol.translator.project.ProjectGenerator -- Project structure created successfully at: /tmp/junit6563504964498744050/cobol-batch-processor
]]></system-out>
  </testcase>
  <testcase name="testGenerateReadme" classname="com.cobol.translator.project.ProjectGeneratorTest" time="0.002">
    <system-out><![CDATA[16:27:30.513 [main] INFO com.cobol.translator.config.TranslatorConfiguration -- Configuration loaded from: /tmp/junit7415249976471875533/test-translator.properties
16:27:30.514 [main] INFO com.cobol.translator.project.ProjectGenerator -- Creating target project: /tmp/junit7415249976471875533/cobol-batch-processor
16:27:30.514 [main] INFO com.cobol.translator.project.ProjectGenerator -- Directory structure created
16:27:30.514 [main] INFO com.cobol.translator.project.ProjectGenerator -- Generated pom.xml
16:27:30.514 [main] INFO com.cobol.translator.project.ProjectGenerator -- Generated application.properties
16:27:30.514 [main] INFO com.cobol.translator.project.ProjectGenerator -- Generated README.md
16:27:30.514 [main] INFO com.cobol.translator.project.ProjectGenerator -- Generated .gitignore
16:27:30.514 [main] INFO com.cobol.translator.project.ProjectGenerator -- Generated main application class: CobolBatchProcessorApplication
16:27:30.514 [main] INFO com.cobol.translator.project.ProjectGenerator -- Project structure created successfully at: /tmp/junit7415249976471875533/cobol-batch-processor
]]></system-out>
  </testcase>
  <testcase name="testReadmeProjectName" classname="com.cobol.translator.project.ProjectGeneratorTest" time="0.004">
    <system-out><![CDATA[16:27:30.518 [main] INFO com.cobol.translator.config.TranslatorConfiguration -- Configuration loaded from: /tmp/junit8824716043041933116/test-translator.properties
16:27:30.518 [main] INFO com.cobol.translator.project.ProjectGenerator -- Creating target project: /tmp/junit8824716043041933116/cobol-batch-processor
16:27:30.519 [main] INFO com.cobol.translator.project.ProjectGenerator -- Directory structure created
16:27:30.519 [main] INFO com.cobol.translator.project.ProjectGenerator -- Generated pom.xml
16:27:30.519 [main] INFO com.cobol.translator.project.ProjectGenerator -- Generated application.properties
16:27:30.519 [main] INFO com.cobol.translator.project.ProjectGenerator -- Generated README.md
16:27:30.519 [main] INFO com.cobol.translator.project.ProjectGenerator -- Generated .gitignore
16:27:30.519 [main] INFO com.cobol.translator.project.ProjectGenerator -- Generated main application class: CobolBatchProcessorApplication
16:27:30.519 [main] INFO com.cobol.translator.project.ProjectGenerator -- Project structure created successfully at: /tmp/junit8824716043041933116/cobol-batch-processor
]]></system-out>
  </testcase>
  <testcase name="testReadmeSections" classname="com.cobol.translator.project.ProjectGeneratorTest" time="0.003">
    <system-out><![CDATA[16:27:30.521 [main] INFO com.cobol.translator.config.TranslatorConfiguration -- Configuration loaded from: /tmp/junit3118051188598848133/test-translator.properties
16:27:30.521 [main] INFO com.cobol.translator.project.ProjectGenerator -- Creating target project: /tmp/junit3118051188598848133/cobol-batch-processor
16:27:30.521 [main] INFO com.cobol.translator.project.ProjectGenerator -- Directory structure created
16:27:30.521 [main] INFO com.cobol.translator.project.ProjectGenerator -- Generated pom.xml
16:27:30.522 [main] INFO com.cobol.translator.project.ProjectGenerator -- Generated application.properties
16:27:30.522 [main] INFO com.cobol.translator.project.ProjectGenerator -- Generated README.md
16:27:30.522 [main] INFO com.cobol.translator.project.ProjectGenerator -- Generated .gitignore
16:27:30.522 [main] INFO com.cobol.translator.project.ProjectGenerator -- Generated main application class: CobolBatchProcessorApplication
16:27:30.522 [main] INFO com.cobol.translator.project.ProjectGenerator -- Project structure created successfully at: /tmp/junit3118051188598848133/cobol-batch-processor
]]></system-out>
  </testcase>
  <testcase name="testReadmeMavenCommands" classname="com.cobol.translator.project.ProjectGeneratorTest" time="0.003">
    <system-out><![CDATA[16:27:30.524 [main] INFO com.cobol.translator.config.TranslatorConfiguration -- Configuration loaded from: /tmp/junit4798696995862262511/test-translator.properties
16:27:30.524 [main] INFO com.cobol.translator.project.ProjectGenerator -- Creating target project: /tmp/junit4798696995862262511/cobol-batch-processor
16:27:30.524 [main] INFO com.cobol.translator.project.ProjectGenerator -- Directory structure created
16:27:30.525 [main] INFO com.cobol.translator.project.ProjectGenerator -- Generated pom.xml
16:27:30.525 [main] INFO com.cobol.translator.project.ProjectGenerator -- Generated application.properties
16:27:30.525 [main] INFO com.cobol.translator.project.ProjectGenerator -- Generated README.md
16:27:30.525 [main] INFO com.cobol.translator.project.ProjectGenerator -- Generated .gitignore
16:27:30.525 [main] INFO com.cobol.translator.project.ProjectGenerator -- Generated main application class: CobolBatchProcessorApplication
16:27:30.525 [main] INFO com.cobol.translator.project.ProjectGenerator -- Project structure created successfully at: /tmp/junit4798696995862262511/cobol-batch-processor
]]></system-out>
  </testcase>
  <testcase name="testReadmeJavaVersion" classname="com.cobol.translator.project.ProjectGeneratorTest" time="0.002">
    <system-out><![CDATA[16:27:30.527 [main] INFO com.cobol.translator.config.TranslatorConfiguration -- Configuration loaded from: /tmp/junit2888249559266076021/test-translator.properties
16:27:30.527 [main] INFO com.cobol.translator.project.ProjectGenerator -- Creating target project: /tmp/junit2888249559266076021/cobol-batch-processor
16:27:30.527 [main] INFO com.cobol.translator.project.ProjectGenerator -- Directory structure created
16:27:30.527 [main] INFO com.cobol.translator.project.ProjectGenerator -- Generated pom.xml
16:27:30.527 [main] INFO com.cobol.translator.project.ProjectGenerator -- Generated application.properties
16:27:30.528 [main] INFO com.cobol.translator.project.ProjectGenerator -- Generated README.md
16:27:30.528 [main] INFO com.cobol.translator.project.ProjectGenerator -- Generated .gitignore
16:27:30.528 [main] INFO com.cobol.translator.project.ProjectGenerator -- Generated main application class: CobolBatchProcessorApplication
16:27:30.528 [main] INFO com.cobol.translator.project.ProjectGenerator -- Project structure created successfully at: /tmp/junit2888249559266076021/cobol-batch-processor
]]></system-out>
  </testcase>
  <testcase name="testGenerateGitignore" classname="com.cobol.translator.project.ProjectGeneratorTest" time="0.006">
    <system-out><![CDATA[16:27:30.529 [main] INFO com.cobol.translator.config.TranslatorConfiguration -- Configuration loaded from: /tmp/junit11628562779988324847/test-translator.properties
16:27:30.529 [main] INFO com.cobol.translator.project.ProjectGenerator -- Creating target project: /tmp/junit11628562779988324847/cobol-batch-processor
16:27:30.530 [main] INFO com.cobol.translator.project.ProjectGenerator -- Directory structure created
16:27:30.530 [main] INFO com.cobol.translator.project.ProjectGenerator -- Generated pom.xml
16:27:30.530 [main] INFO com.cobol.translator.project.ProjectGenerator -- Generated application.properties
16:27:30.530 [main] INFO com.cobol.translator.project.ProjectGenerator -- Generated README.md
16:27:30.530 [main] INFO com.cobol.translator.project.ProjectGenerator -- Generated .gitignore
16:27:30.530 [main] INFO com.cobol.translator.project.ProjectGenerator -- Generated main application class: CobolBatchProcessorApplication
16:27:30.530 [main] INFO com.cobol.translator.project.ProjectGenerator -- Project structure created successfully at: /tmp/junit11628562779988324847/cobol-batch-processor
]]></system-out>
  </testcase>
  <testcase name="testGitignoreMaven" classname="com.cobol.translator.project.ProjectGeneratorTest" time="0.006">
    <system-out><![CDATA[16:27:30.536 [main] INFO com.cobol.translator.config.TranslatorConfiguration -- Configuration loaded from: /tmp/junit15997056001920689992/test-translator.properties
16:27:30.536 [main] INFO com.cobol.translator.project.ProjectGenerator -- Creating target project: /tmp/junit15997056001920689992/cobol-batch-processor
16:27:30.536 [main] INFO com.cobol.translator.project.ProjectGenerator -- Directory structure created
16:27:30.536 [main] INFO com.cobol.translator.project.ProjectGenerator -- Generated pom.xml
16:27:30.536 [main] INFO com.cobol.translator.project.ProjectGenerator -- Generated application.properties
16:27:30.536 [main] INFO com.cobol.translator.project.ProjectGenerator -- Generated README.md
16:27:30.536 [main] INFO com.cobol.translator.project.ProjectGenerator -- Generated .gitignore
16:27:30.537 [main] INFO com.cobol.translator.project.ProjectGenerator -- Generated main application class: CobolBatchProcessorApplication
16:27:30.537 [main] INFO com.cobol.translator.project.ProjectGenerator -- Project structure created successfully at: /tmp/junit15997056001920689992/cobol-batch-processor
]]></system-out>
  </testcase>
  <testcase name="testGitignoreIde" classname="com.cobol.translator.project.ProjectGeneratorTest" time="0.004">
    <system-out><![CDATA[16:27:30.542 [main] INFO com.cobol.translator.config.TranslatorConfiguration -- Configuration loaded from: /tmp/junit8074969833481854836/test-translator.properties
16:27:30.542 [main] INFO com.cobol.translator.project.ProjectGenerator -- Creating target project: /tmp/junit8074969833481854836/cobol-batch-processor
16:27:30.542 [main] INFO com.cobol.translator.project.ProjectGenerator -- Directory structure created
16:27:30.542 [main] INFO com.cobol.translator.project.ProjectGenerator -- Generated pom.xml
16:27:30.542 [main] INFO com.cobol.translator.project.ProjectGenerator -- Generated application.properties
16:27:30.543 [main] INFO com.cobol.translator.project.ProjectGenerator -- Generated README.md
16:27:30.543 [main] INFO com.cobol.translator.project.ProjectGenerator -- Generated .gitignore
16:27:30.543 [main] INFO com.cobol.translator.project.ProjectGenerator -- Generated main application class: CobolBatchProcessorApplication
16:27:30.543 [main] INFO com.cobol.translator.project.ProjectGenerator -- Project structure created successfully at: /tmp/junit8074969833481854836/cobol-batch-processor
]]></system-out>
  </testcase>
  <testcase name="testGitignoreLogs" classname="com.cobol.translator.project.ProjectGeneratorTest" time="0.002">
    <system-out><![CDATA[16:27:30.546 [main] INFO com.cobol.translator.config.TranslatorConfiguration -- Configuration loaded from: /tmp/junit8866033817554071850/test-translator.properties
16:27:30.546 [main] INFO com.cobol.translator.project.ProjectGenerator -- Creating target project: /tmp/junit8866033817554071850/cobol-batch-processor
16:27:30.547 [main] INFO com.cobol.translator.project.ProjectGenerator -- Directory structure created
16:27:30.547 [main] INFO com.cobol.translator.project.ProjectGenerator -- Generated pom.xml
16:27:30.547 [main] INFO com.cobol.translator.project.ProjectGenerator -- Generated application.properties
16:27:30.547 [main] INFO com.cobol.translator.project.ProjectGenerator -- Generated README.md
16:27:30.547 [main] INFO com.cobol.translator.project.ProjectGenerator -- Generated .gitignore
16:27:30.547 [main] INFO com.cobol.translator.project.ProjectGenerator -- Generated main application class: CobolBatchProcessorApplication
16:27:30.547 [main] INFO com.cobol.translator.project.ProjectGenerator -- Project structure created successfully at: /tmp/junit8866033817554071850/cobol-batch-processor
]]></system-out>
  </testcase>
  <testcase name="testGitignoreOs" classname="com.cobol.translator.project.ProjectGeneratorTest" time="0.005">
    <system-out><![CDATA[16:27:30.549 [main] INFO com.cobol.translator.config.TranslatorConfiguration -- Configuration loaded from: /tmp/junit6884792896875982784/test-translator.properties
16:27:30.549 [main] INFO com.cobol.translator.project.ProjectGenerator -- Creating target project: /tmp/junit6884792896875982784/cobol-batch-processor
16:27:30.549 [main] INFO com.cobol.translator.project.ProjectGenerator -- Directory structure created
16:27:30.549 [main] INFO com.cobol.translator.project.ProjectGenerator -- Generated pom.xml
16:27:30.549 [main] INFO com.cobol.translator.project.ProjectGenerator -- Generated application.properties
16:27:30.549 [main] INFO com.cobol.translator.project.ProjectGenerator -- Generated README.md
16:27:30.550 [main] INFO com.cobol.translator.project.ProjectGenerator -- Generated .gitignore
16:27:30.550 [main] INFO com.cobol.translator.project.ProjectGenerator -- Generated main application class: CobolBatchProcessorApplication
16:27:30.550 [main] INFO com.cobol.translator.project.ProjectGenerator -- Project structure created successfully at: /tmp/junit6884792896875982784/cobol-batch-processor
]]></system-out>
  </testcase>
  <testcase name="testGenerateMainApplicationClass" classname="com.cobol.translator.project.ProjectGeneratorTest" time="0.002">
    <system-out><![CDATA[16:27:30.554 [main] INFO com.cobol.translator.config.TranslatorConfiguration -- Configuration loaded from: /tmp/junit8345114292186254825/test-translator.properties
16:27:30.554 [main] INFO com.cobol.translator.project.ProjectGenerator -- Creating target project: /tmp/junit8345114292186254825/cobol-batch-processor
16:27:30.554 [main] INFO com.cobol.translator.project.ProjectGenerator -- Directory structure created
16:27:30.554 [main] INFO com.cobol.translator.project.ProjectGenerator -- Generated pom.xml
16:27:30.554 [main] INFO com.cobol.translator.project.ProjectGenerator -- Generated application.properties
16:27:30.554 [main] INFO com.cobol.translator.project.ProjectGenerator -- Generated README.md
16:27:30.554 [main] INFO com.cobol.translator.project.ProjectGenerator -- Generated .gitignore
16:27:30.555 [main] INFO com.cobol.translator.project.ProjectGenerator -- Generated main application class: CobolBatchProcessorApplication
16:27:30.555 [main] INFO com.cobol.translator.project.ProjectGenerator -- Project structure created successfully at: /tmp/junit8345114292186254825/cobol-batch-processor
]]></system-out>
  </testcase>
  <testcase name="testProjectNameWithDashes" classname="com.cobol.translator.project.ProjectGeneratorTest" time="0.007">
    <system-out><![CDATA[16:27:30.556 [main] INFO com.cobol.translator.config.TranslatorConfiguration -- Configuration loaded from: /tmp/junit16238127238569966307/test-translator.properties
16:27:30.557 [main] INFO com.cobol.translator.config.TranslatorConfiguration -- Configuration loaded from: /tmp/junit16238127238569966307/custom-translator-57917994723736.properties
16:27:30.557 [main] INFO com.cobol.translator.project.ProjectGenerator -- Creating target project: /tmp/junit16238127238569966307/my-cobol-batch
16:27:30.558 [main] INFO com.cobol.translator.project.ProjectGenerator -- Directory structure created
16:27:30.558 [main] INFO com.cobol.translator.project.ProjectGenerator -- Generated pom.xml
16:27:30.558 [main] INFO com.cobol.translator.project.ProjectGenerator -- Generated application.properties
16:27:30.558 [main] INFO com.cobol.translator.project.ProjectGenerator -- Generated README.md
16:27:30.558 [main] INFO com.cobol.translator.project.ProjectGenerator -- Generated .gitignore
16:27:30.558 [main] INFO com.cobol.translator.project.ProjectGenerator -- Generated main application class: MyCobolBatchApplication
16:27:30.558 [main] INFO com.cobol.translator.project.ProjectGenerator -- Project structure created successfully at: /tmp/junit16238127238569966307/my-cobol-batch
]]></system-out>
  </testcase>
  <testcase name="testWithoutLombok" classname="com.cobol.translator.project.ProjectGeneratorTest" time="0.003">
    <system-out><![CDATA[16:27:30.563 [main] INFO com.cobol.translator.config.TranslatorConfiguration -- Configuration loaded from: /tmp/junit13735013652093395110/test-translator.properties
16:27:30.564 [main] INFO com.cobol.translator.config.TranslatorConfiguration -- Configuration loaded from: /tmp/junit13735013652093395110/custom-translator-57918002116585.properties
16:27:30.564 [main] INFO com.cobol.translator.project.ProjectGenerator -- Creating target project: /tmp/junit13735013652093395110/test-project
16:27:30.564 [main] INFO com.cobol.translator.project.ProjectGenerator -- Directory structure created
16:27:30.564 [main] INFO com.cobol.translator.project.ProjectGenerator -- Generated pom.xml
16:27:30.564 [main] INFO com.cobol.translator.project.ProjectGenerator -- Generated application.properties
16:27:30.565 [main] INFO com.cobol.translator.project.ProjectGenerator -- Generated README.md
16:27:30.565 [main] INFO com.cobol.translator.project.ProjectGenerator -- Generated .gitignore
16:27:30.565 [main] INFO com.cobol.translator.project.ProjectGenerator -- Generated main application class: TestProjectApplication
16:27:30.565 [main] INFO com.cobol.translator.project.ProjectGenerator -- Project structure created successfully at: /tmp/junit13735013652093395110/test-project
]]></system-out>
  </testcase>
  <testcase name="testWithoutReadme" classname="com.cobol.translator.project.ProjectGeneratorTest" time="0.004">
    <system-out><![CDATA[16:27:30.567 [main] INFO com.cobol.translator.config.TranslatorConfiguration -- Configuration loaded from: /tmp/junit11914451665414757806/test-translator.properties
16:27:30.567 [main] INFO com.cobol.translator.config.TranslatorConfiguration -- Configuration loaded from: /tmp/junit11914451665414757806/custom-translator-57918005497185.properties
16:27:30.567 [main] INFO com.cobol.translator.project.ProjectGenerator -- Creating target project: /tmp/junit11914451665414757806/test-project
16:27:30.567 [main] INFO com.cobol.translator.project.ProjectGenerator -- Directory structure created
16:27:30.567 [main] INFO com.cobol.translator.project.ProjectGenerator -- Generated pom.xml
16:27:30.568 [main] INFO com.cobol.translator.project.ProjectGenerator -- Generated application.properties
16:27:30.568 [main] INFO com.cobol.translator.project.ProjectGenerator -- Generated .gitignore
16:27:30.568 [main] INFO com.cobol.translator.project.ProjectGenerator -- Generated main application class: TestProjectApplication
16:27:30.568 [main] INFO com.cobol.translator.project.ProjectGenerator -- Project structure created successfully at: /tmp/junit11914451665414757806/test-project
]]></system-out>
  </testcase>
  <testcase name="testWithoutGitignore" classname="com.cobol.translator.project.ProjectGeneratorTest" time="0.002">
    <system-out><![CDATA[16:27:30.570 [main] INFO com.cobol.translator.config.TranslatorConfiguration -- Configuration loaded from: /tmp/junit773148874897726327/test-translator.properties
16:27:30.571 [main] INFO com.cobol.translator.config.TranslatorConfiguration -- Configuration loaded from: /tmp/junit773148874897726327/custom-translator-57918009085959.properties
16:27:30.571 [main] INFO com.cobol.translator.project.ProjectGenerator -- Creating target project: /tmp/junit773148874897726327/test-project
16:27:30.571 [main] INFO com.cobol.translator.project.ProjectGenerator -- Directory structure created
16:27:30.571 [main] INFO com.cobol.translator.project.ProjectGenerator -- Generated pom.xml
16:27:30.571 [main] INFO com.cobol.translator.project.ProjectGenerator -- Generated application.properties
16:27:30.571 [main] INFO com.cobol.translator.project.ProjectGenerator -- Generated README.md
16:27:30.571 [main] INFO com.cobol.translator.project.ProjectGenerator -- Generated main application class: TestProjectApplication
16:27:30.571 [main] INFO com.cobol.translator.project.ProjectGenerator -- Project structure created successfully at: /tmp/junit773148874897726327/test-project
]]></system-out>
  </testcase>
  <testcase name="testWithPostgreSql" classname="com.cobol.translator.project.ProjectGeneratorTest" time="0.002">
    <system-out><![CDATA[16:27:30.572 [main] INFO com.cobol.translator.config.TranslatorConfiguration -- Configuration loaded from: /tmp/junit10276267770039046129/test-translator.properties
16:27:30.573 [main] INFO com.cobol.translator.config.TranslatorConfiguration -- Configuration loaded from: /tmp/junit10276267770039046129/custom-translator-57918011248299.properties
16:27:30.573 [main] INFO com.cobol.translator.project.ProjectGenerator -- Creating target project: /tmp/junit10276267770039046129/test-project
16:27:30.573 [main] INFO com.cobol.translator.project.ProjectGenerator -- Directory structure created
16:27:30.573 [main] INFO com.cobol.translator.project.ProjectGenerator -- Generated pom.xml
16:27:30.573 [main] INFO com.cobol.translator.project.ProjectGenerator -- Generated application.properties
16:27:30.573 [main] INFO com.cobol.translator.project.ProjectGenerator -- Generated README.md
16:27:30.573 [main] INFO com.cobol.translator.project.ProjectGenerator -- Generated .gitignore
16:27:30.573 [main] INFO com.cobol.translator.project.ProjectGenerator -- Generated main application class: TestProjectApplication
16:27:30.573 [main] INFO com.cobol.translator.project.ProjectGenerator -- Project structure created successfully at: /tmp/junit10276267770039046129/test-project
]]></system-out>
  </testcase>
  <testcase name="testGenerateProjectReturnsPath" classname="com.cobol.translator.project.ProjectGeneratorTest" time="0.002">
    <system-out><![CDATA[16:27:30.575 [main] INFO com.cobol.translator.config.TranslatorConfiguration -- Configuration loaded from: /tmp/junit1057308399221976661/test-translator.properties
16:27:30.575 [main] INFO com.cobol.translator.project.ProjectGenerator -- Creating target project: /tmp/junit1057308399221976661/cobol-batch-processor
16:27:30.575 [main] INFO com.cobol.translator.project.ProjectGenerator -- Directory structure created
16:27:30.576 [main] INFO com.cobol.translator.project.ProjectGenerator -- Generated pom.xml
16:27:30.576 [main] INFO com.cobol.translator.project.ProjectGenerator -- Generated application.properties
16:27:30.576 [main] INFO com.cobol.translator.project.ProjectGenerator -- Generated README.md
16:27:30.576 [main] INFO com.cobol.translator.project.ProjectGenerator -- Generated .gitignore
16:27:30.576 [main] INFO com.cobol.translator.project.ProjectGenerator -- Generated main application class: CobolBatchProcessorApplication
16:27:30.576 [main] INFO com.cobol.translator.project.ProjectGenerator -- Project structure created successfully at: /tmp/junit1057308399221976661/cobol-batch-processor
]]></system-out>
  </testcase>
  <testcase name="testGenerateCompleteProject" classname="com.cobol.translator.project.ProjectGeneratorTest" time="0.003">
    <system-out><![CDATA[16:27:30.578 [main] INFO com.cobol.translator.config.TranslatorConfiguration -- Configuration loaded from: /tmp/junit12965720007288751876/test-translator.properties
16:27:30.578 [main] INFO com.cobol.translator.project.ProjectGenerator -- Creating target project: /tmp/junit12965720007288751876/cobol-batch-processor
16:27:30.578 [main] INFO com.cobol.translator.project.ProjectGenerator -- Directory structure created
16:27:30.578 [main] INFO com.cobol.translator.project.ProjectGenerator -- Generated pom.xml
16:27:30.579 [main] INFO com.cobol.translator.project.ProjectGenerator -- Generated application.properties
16:27:30.579 [main] INFO com.cobol.translator.project.ProjectGenerator -- Generated README.md
16:27:30.579 [main] INFO com.cobol.translator.project.ProjectGenerator -- Generated .gitignore
16:27:30.579 [main] INFO com.cobol.translator.project.ProjectGenerator -- Generated main application class: CobolBatchProcessorApplication
16:27:30.579 [main] INFO com.cobol.translator.project.ProjectGenerator -- Project structure created successfully at: /tmp/junit12965720007288751876/cobol-batch-processor
]]></system-out>
  </testcase>
  <testcase name="testGeneratedFilesNotEmpty" classname="com.cobol.translator.project.ProjectGeneratorTest" time="0.004">
    <system-out><![CDATA[16:27:30.583 [main] INFO com.cobol.translator.config.TranslatorConfiguration -- Configuration loaded from: /tmp/junit5602225084508546408/test-translator.properties
16:27:30.583 [main] INFO com.cobol.translator.project.ProjectGenerator -- Creating target project: /tmp/junit5602225084508546408/cobol-batch-processor
16:27:30.583 [main] INFO com.cobol.translator.project.ProjectGenerator -- Directory structure created
16:27:30.583 [main] INFO com.cobol.translator.project.ProjectGenerator -- Generated pom.xml
16:27:30.583 [main] INFO com.cobol.translator.project.ProjectGenerator -- Generated application.properties
16:27:30.583 [main] INFO com.cobol.translator.project.ProjectGenerator -- Generated README.md
16:27:30.583 [main] INFO com.cobol.translator.project.ProjectGenerator -- Generated .gitignore
16:27:30.583 [main] INFO com.cobol.translator.project.ProjectGenerator -- Generated main application class: CobolBatchProcessorApplication
16:27:30.583 [main] INFO com.cobol.translator.project.ProjectGenerator -- Project structure created successfully at: /tmp/junit5602225084508546408/cobol-batch-processor
]]></system-out>
  </testcase>
</testsuite>