<?xml version="1.0" encoding="UTF-8"?>
<testsuite xmlns:xsi="http://www.w3.org/2001/XMLSchema-instance" xsi:noNamespaceSchemaLocation="https://maven.apache.org/surefire/maven-surefire-plugin/xsd/surefire-test-report-3.0.xsd" version="3.0" name="com.cobol.translator.integration.IdiomaticPatternIntegrationTest" time="0.005" tests="4" errors="0" skipped="0" failures="0">
  <properties>
[...]
</properties>
  <testcase name="testGeneratePositiveComments" classname="com.cobol.translator.integration.IdiomaticPatternIntegrationTest" time="0.001">
    <system-out><![CDATA[21:23:24.136 [main] INFO com.cobol.translator.analyzer.CobolPatternDetector -- ✅ Perfect file processing pattern detected:
21:23:24.136 [main] INFO com.cobol.translator.analyzer.CobolPatternDetector --    - OPEN INPUT: true
21:23:24.136 [main] INFO com.cobol.translator.analyzer.CobolPatternDetector --    - PERFORM UNTIL WS-EOF: true
21:23:24.136 [main] INFO com.cobol.translator.analyzer.CobolPatternDetector --    - READ with AT END: true
21:23:24.136 [main] INFO com.cobol.translator.analyzer.CobolPatternDetector --    - CLOSE: true
21:23:24.136 [main] INFO com.cobol.translator.analyzer.CobolPatternDetector -- ✅ Detected standard file processing pattern - this is idiomatic COBOL

======================================================================
GENERATED POSITIVE COMMENTS
======================================================================
/**
 * ✅ COBOL Standard File Processing Pattern Detected
 * Score: 100/100
 *
 * COBOL Code:
 * -----------
 * OPEN INPUT CUSTOMER-FILE
 * PERFORM UNTIL WS-EOF = 'Y'
 *   READ CUSTOMER-FILE
 *     AT END MOVE 'Y' TO WS-EOF
 *     NOT AT END PERFORM PROCESS-RECORD
 *   END-READ
 * END-PERFORM
 * CLOSE CUSTOMER-FILE
 *
 * Spring Batch Translation:
 * -------------------------
 * ✅ OPEN INPUT → FlatFileItemReader configuration
 * ✅ PERFORM UNTIL → Step chunk processing (automatic)
 * ✅ READ → reader.read() (managed by Spring Batch)
 * ✅ AT END → null return handled automatically
 * ✅ PROCESS-RECORD → ItemProcessor.process()
 * ✅ CLOSE → Automatic resource cleanup
 *
 * Benefits:
 * - Automatic error handling and retry
 * - Transaction management
 * - Progress tracking and restart capability
 * - Memory-efficient chunk processing
 */


╔═══════════════════════════════════════════════════════════════════╗
║         COBOL Code Quality Report                                ║
╚═══════════════════════════════════════════════════════════════════╝

Overall Idiomatic Score: 100/100

✅ EXCELLENT: This COBOL code follows standard patterns
   Translation to Spring Batch will be clean and idiomatic.

Detected Patterns:
─────────────────
✅ File Processing Pattern (OPEN-READ-PERFORM-CLOSE)
   Score: 100/100
   → Mapped to Spring Batch ItemReader

╔═══════════════════════════════════════════════════════════════════╗
║  Translation Strategy                                             ║
╚═══════════════════════════════════════════════════════════════════╝

1. File I/O → Spring Batch ItemReader/ItemWriter
   - Automatic resource management
   - Built-in error handling and retry
   - Transaction support

3. Business Logic → ItemProcessor implementations
   - PERFORM paragraphs → Java methods
   - COBOL conditions → Java if/switch
   - COMPUTE statements → BigDecimal operations

For detailed implementation, see generated Spring Batch configuration.


/*
 * ═══════════════════════════════════════════════════════════════════
 * DEVELOPER NOTE: Code Quality Assessment
 * ═══════════════════════════════════════════════════════════════════
 *
 * ✅ This generated code comes from WELL-STRUCTURED COBOL source
 *
 * The original COBOL program follows standard batch processing patterns.
 * The translation to Spring Batch is straightforward and idiomatic.
 *
 * What you see here:
 * - Clean separation of concerns
 * - Standard file I/O patterns → Spring Batch readers/writers
 * - Proper error handling with AT END clauses
 * - Maintainable structure with named paragraphs
 *
 * This is production-ready code. Minor adjustments may be needed for:
 * - Specific business validation rules
 * - Integration with existing services
 * - Performance tuning (chunk size, thread pool)
 *
 * ═══════════════════════════════════════════════════════════════════
 */

======================================================================

]]></system-out>
  </testcase>
  <testcase name="testCompleteBatchStructureWithFileProcessing" classname="com.cobol.translator.integration.IdiomaticPatternIntegrationTest" time="0.002">
    <system-out><![CDATA[21:23:24.138 [main] INFO com.cobol.translator.analyzer.CobolPatternDetector -- ✅ Perfect file processing pattern detected:
21:23:24.138 [main] INFO com.cobol.translator.analyzer.CobolPatternDetector --    - OPEN INPUT: true
21:23:24.138 [main] INFO com.cobol.translator.analyzer.CobolPatternDetector --    - PERFORM UNTIL WS-EOF: true
21:23:24.138 [main] INFO com.cobol.translator.analyzer.CobolPatternDetector --    - READ with AT END: true
21:23:24.138 [main] INFO com.cobol.translator.analyzer.CobolPatternDetector --    - CLOSE: true
21:23:24.138 [main] INFO com.cobol.translator.analyzer.CobolPatternDetector -- ✅ Detected standard file processing pattern - this is idiomatic COBOL
21:23:24.138 [main] INFO com.cobol.translator.analyzer.CobolPatternDetector -- ✅ Standard batch structure detected:
21:23:24.138 [main] INFO com.cobol.translator.analyzer.CobolPatternDetector --    - Main control paragraph: true
21:23:24.138 [main] INFO com.cobol.translator.analyzer.CobolPatternDetector --    - Initialize paragraph: true
21:23:24.138 [main] INFO com.cobol.translator.analyzer.CobolPatternDetector --    - Process paragraph: true
21:23:24.138 [main] INFO com.cobol.translator.analyzer.CobolPatternDetector --    - Finalize paragraph: true
21:23:24.138 [main] INFO com.cobol.translator.analyzer.CobolPatternDetector -- ✅ Detected standard batch structure pattern - this is idiomatic COBOL

======================================================================
COMPLETE BATCH PROGRAM SCORE
======================================================================
Patterns detected:
  ✅ File Processing (OPEN-READ-PERFORM-CLOSE)
  ✅ Batch Structure (INIT-PROCESS-FINALIZE)

Total Score: 100/100


╔═══════════════════════════════════════════════════════════════════╗
║         COBOL Code Quality Report                                ║
╚═══════════════════════════════════════════════════════════════════╝

Overall Idiomatic Score: 100/100

✅ EXCELLENT: This COBOL code follows standard patterns
   Translation to Spring Batch will be clean and idiomatic.

Detected Patterns:
─────────────────
✅ File Processing Pattern (OPEN-READ-PERFORM-CLOSE)
   Score: 100/100
   → Mapped to Spring Batch ItemReader

✅ Batch Structure Pattern (INIT-PROCESS-FINALIZE)
   Score: 100/100
   → Mapped to Spring Batch Job Steps

╔═══════════════════════════════════════════════════════════════════╗
║  Translation Strategy                                             ║
╚═══════════════════════════════════════════════════════════════════╝

1. File I/O → Spring Batch ItemReader/ItemWriter
   - Automatic resource management
   - Built-in error handling and retry
   - Transaction support

2. Batch Structure → Spring Batch Job with Steps
   - Initialization as Tasklet
   - Processing as Chunk-oriented Step
   - Finalization as @AfterStep callback

3. Business Logic → ItemProcessor implementations
   - PERFORM paragraphs → Java methods
   - COBOL conditions → Java if/switch
   - COMPUTE statements → BigDecimal operations

For detailed implementation, see generated Spring Batch configuration.


======================================================================

]]></system-out>
  </testcase>
  <testcase name="testWarningReduction" classname="com.cobol.translator.integration.IdiomaticPatternIntegrationTest" time="0.001">
    <system-out><![CDATA[21:23:24.139 [main] INFO com.cobol.translator.analyzer.CobolPatternDetector -- ✅ Perfect file processing pattern detected:
21:23:24.139 [main] INFO com.cobol.translator.analyzer.CobolPatternDetector --    - OPEN INPUT: true
21:23:24.139 [main] INFO com.cobol.translator.analyzer.CobolPatternDetector --    - PERFORM UNTIL WS-EOF: true
21:23:24.139 [main] INFO com.cobol.translator.analyzer.CobolPatternDetector --    - READ with AT END: true
21:23:24.139 [main] INFO com.cobol.translator.analyzer.CobolPatternDetector --    - CLOSE: true
21:23:24.139 [main] INFO com.cobol.translator.analyzer.CobolPatternDetector --    - DISPLAY counter WS-COUNT: true
21:23:24.139 [main] INFO com.cobol.translator.analyzer.CobolPatternDetector -- ✅ Detected standard file processing pattern - this is idiomatic COBOL

======================================================================
WARNING REDUCTION ANALYSIS
======================================================================
Lines of COBOL code:     6
Warnings BEFORE:         6 ⚠️
Warnings AFTER:          0 ✅
Warnings eliminated:     6
Reduction percentage:    100%

Result: Clean, idiomatic Java code with clear mapping explanations
        instead of confusing warnings on standard COBOL patterns.
======================================================================

]]></system-out>
  </testcase>
  <testcase name="testStandardFileProcessingGetsHighScore" classname="com.cobol.translator.integration.IdiomaticPatternIntegrationTest" time="0.0">
    <system-out><![CDATA[21:23:24.140 [main] INFO com.cobol.translator.analyzer.CobolPatternDetector -- ✅ Perfect file processing pattern detected:
21:23:24.140 [main] INFO com.cobol.translator.analyzer.CobolPatternDetector --    - OPEN INPUT: true
21:23:24.140 [main] INFO com.cobol.translator.analyzer.CobolPatternDetector --    - PERFORM UNTIL WS-EOF: true
21:23:24.140 [main] INFO com.cobol.translator.analyzer.CobolPatternDetector --    - READ with AT END: true
21:23:24.140 [main] INFO com.cobol.translator.analyzer.CobolPatternDetector --    - CLOSE: true
21:23:24.140 [main] INFO com.cobol.translator.analyzer.CobolPatternDetector --    - DISPLAY counter WS-COUNT: true
21:23:24.140 [main] INFO com.cobol.translator.analyzer.CobolPatternDetector -- ✅ Detected standard file processing pattern - this is idiomatic COBOL

======================================================================
✅ IMPROVED SCORE DEMONSTRATION
======================================================================
COBOL Code Pattern:
  OPEN INPUT CUSTOMER-FILE
  PERFORM UNTIL WS-EOF = 'Y'
    READ CUSTOMER-FILE
      AT END MOVE 'Y' TO WS-EOF
      NOT AT END PERFORM 1000-PROCESS-RECORD
    END-READ
  END-PERFORM
  CLOSE CUSTOMER-FILE
  DISPLAY 'PROCESSED: ' WS-COUNT
  STOP RUN.

BEFORE: ⚠️  Multiple warnings on each line
AFTER:  ✅ Idiomatic Score: 100/100 - NO WARNINGS!
======================================================================

]]></system-out>
  </testcase>
</testsuite>