<?xml version="1.0" encoding="UTF-8"?>
<testsuite xmlns:xsi="http://www.w3.org/2001/XMLSchema-instance" xsi:noNamespaceSchemaLocation="https://maven.apache.org/surefire/maven-surefire-plugin/xsd/surefire-test-report-3.0.xsd" version="3.0" name="com.cobol.translator.parser.CobolASTParserTest" time="0.268" tests="4" errors="0" skipped="0" failures="0">
  <properties>
[...]
</properties>
  <testcase name="testParseSimpleProgram" classname="com.cobol.translator.parser.CobolASTParserTest" time="0.166">
    <system-out><![CDATA[16:40:50.463 [main] INFO com.cobol.translator.parser.CobolASTParser -- Parsing COBOL source: test-program
16:40:50.572 [main] INFO com.cobol.translator.parser.CobolASTBuilder -- Built AST for program: TESTPROG
16:40:50.572 [main] INFO com.cobol.translator.parser.CobolASTParser -- Successfully parsed program: TESTPROG
]]></system-out>
  </testcase>
  <testcase name="testIsValidSyntax" classname="com.cobol.translator.parser.CobolASTParserTest" time="0.009">
    <system-out><![CDATA[16:40:50.581 [main] INFO com.cobol.translator.parser.CobolASTParser -- Parsing COBOL source: inline-source
16:40:50.582 [main] INFO com.cobol.translator.parser.CobolASTBuilder -- Built AST for program: VALID
16:40:50.582 [main] INFO com.cobol.translator.parser.CobolASTParser -- Successfully parsed program: VALID
16:40:50.582 [main] INFO com.cobol.translator.parser.CobolASTParser -- Parsing COBOL source: inline-source
16:40:50.588 [main] ERROR com.cobol.translator.parser.CobolErrorListener -- Syntax error in inline-source at line 1:0 - mismatched input 'THIS' expecting IDENTIFICATION
16:40:50.588 [main] ERROR com.cobol.translator.parser.CobolASTParser -- Error parsing COBOL source inline-source: Syntax error in inline-source at line 1:0 - mismatched input 'THIS' expecting IDENTIFICATION
java.lang.RuntimeException: Syntax error in inline-source at line 1:0 - mismatched input 'THIS' expecting IDENTIFICATION
	at com.cobol.translator.parser.CobolErrorListener.syntaxError(CobolErrorListener.java:41)
	at org.antlr.v4.runtime.ProxyErrorListener.syntaxError(ProxyErrorListener.java:41)
	at org.antlr.v4.runtime.Parser.notifyErrorListeners(Parser.java:544)
	at org.antlr.v4.runtime.DefaultErrorStrategy.reportInputMismatch(DefaultErrorStrategy.java:327)
	at org.antlr.v4.runtime.DefaultErrorStrategy.reportError(DefaultErrorStrategy.java:139)
	at com.cobol.translator.grammar.CobolParser.identificationDivision(CobolParser.java:517)
	at com.cobol.translator.grammar.CobolParser.compilationUnit(CobolParser.java:349)
	at com.cobol.translator.parser.CobolASTParser.parse(CobolASTParser.java:71)
	at com.cobol.translator.parser.CobolASTParser.parseString(CobolASTParser.java:51)
	at com.cobol.translator.parser.CobolASTParser.isValidSyntax(CobolASTParser.java:116)
	at com.cobol.translator.parser.CobolASTParserTest.testIsValidSyntax(CobolASTParserTest.java:126)
	at java.base/jdk.internal.reflect.DirectMethodHandleAccessor.invoke(DirectMethodHandleAccessor.java:103)
	at java.base/java.lang.reflect.Method.invoke(Method.java:580)
	at org.junit.platform.commons.util.ReflectionUtils.invokeMethod(ReflectionUtils.java:728)
	at org.junit.jupiter.engine.execution.MethodInvocation.proceed(MethodInvocation.java:60)
	at org.junit.jupiter.engine.execution.InvocationInterceptorChain$ValidatingInvocation.proceed(InvocationInterceptorChain.java:131)
	at org.junit.jupiter.engine.extension.TimeoutExtension.intercept(TimeoutExtension.java:156)
	at org.junit.jupiter.engine.extension.TimeoutExtension.interceptTestableMethod(TimeoutExtension.java:147)
	at org.junit.jupiter.engine.extension.TimeoutExtension.interceptTestMethod(TimeoutExtension.java:86)
	at org.junit.jupiter.engine.execution.InterceptingExecutableInvoker$ReflectiveInterceptorCall.lambda$ofVoidMethod$0(InterceptingExecutableInvoker.java:103)
	at org.junit.jupiter.engine.execution.InterceptingExecutableInvoker.lambda$invoke$0(InterceptingExecutableInvoker.java:93)
	at org.junit.jupiter.engine.execution.InvocationInterceptorChain$InterceptedInvocation.proceed(InvocationInterceptorChain.java:106)
	at org.junit.jupiter.engine.execution.InvocationInterceptorChain.proceed(InvocationInterceptorChain.java:64)
	at org.junit.jupiter.engine.execution.InvocationInterceptorChain.chainAndInvoke(InvocationInterceptorChain.java:45)
	at org.junit.jupiter.engine.execution.InvocationInterceptorChain.invoke(InvocationInterceptorChain.java:37)
	at org.junit.jupiter.engine.execution.InterceptingExecutableInvoker.invoke(InterceptingExecutableInvoker.java:92)
	at org.junit.jupiter.engine.execution.InterceptingExecutableInvoker.invoke(InterceptingExecutableInvoker.java:86)
	at org.junit.jupiter.engine.descriptor.TestMethodTestDescriptor.lambda$invokeTestMethod$7(TestMethodTestDescriptor.java:218)
	at org.junit.platform.engine.support.hierarchical.ThrowableCollector.execute(ThrowableCollector.java:73)
	at org.junit.jupiter.engine.descriptor.TestMethodTestDescriptor.invokeTestMethod(TestMethodTestDescriptor.java:214)
	at org.junit.jupiter.engine.descriptor.TestMethodTestDescriptor.execute(TestMethodTestDescriptor.java:139)
	at org.junit.jupiter.engine.descriptor.TestMethodTestDescriptor.execute(TestMethodTestDescriptor.java:69)
	at org.junit.platform.engine.support.hierarchical.NodeTestTask.lambda$executeRecursively$6(NodeTestTask.java:151)
	at org.junit.platform.engine.support.hierarchical.ThrowableCollector.execute(ThrowableCollector.java:73)
	at org.junit.platform.engine.support.hierarchical.NodeTestTask.lambda$executeRecursively$8(NodeTestTask.java:141)
	at org.junit.platform.engine.support.hierarchical.Node.around(Node.java:137)
	at org.junit.platform.engine.support.hierarchical.NodeTestTask.lambda$executeRecursively$9(NodeTestTask.java:139)
	at org.junit.platform.engine.support.hierarchical.ThrowableCollector.execute(ThrowableCollector.java:73)
	at org.junit.platform.engine.support.hierarchical.NodeTestTask.executeRecursively(NodeTestTask.java:138)
	at org.junit.platform.engine.support.hierarchical.NodeTestTask.execute(NodeTestTask.java:95)
	at java.base/java.util.ArrayList.forEach(ArrayList.java:1596)
	at org.junit.platform.engine.support.hierarchical.SameThreadHierarchicalTestExecutorService.invokeAll(SameThreadHierarchicalTestExecutorService.java:41)
	at org.junit.platform.engine.support.hierarchical.NodeTestTask.lambda$executeRecursively$6(NodeTestTask.java:155)
	at org.junit.platform.engine.support.hierarchical.ThrowableCollector.execute(ThrowableCollector.java:73)
	at org.junit.platform.engine.support.hierarchical.NodeTestTask.lambda$executeRecursively$8(NodeTestTask.java:141)
	at org.junit.platform.engine.support.hierarchical.Node.around(Node.java:137)
	at org.junit.platform.engine.support.hierarchical.NodeTestTask.lambda$executeRecursively$9(NodeTestTask.java:139)
	at org.junit.platform.engine.support.hierarchical.ThrowableCollector.execute(ThrowableCollector.java:73)
	at org.junit.platform.engine.support.hierarchical.NodeTestTask.executeRecursively(NodeTestTask.java:138)
	at org.junit.platform.engine.support.hierarchical.NodeTestTask.execute(NodeTestTask.java:95)
	at java.base/java.util.ArrayList.forEach(ArrayList.java:1596)
	at org.junit.platform.engine.support.hierarchical.SameThreadHierarchicalTestExecutorService.invokeAll(SameThreadHierarchicalTestExecutorService.java:41)
	at org.junit.platform.engine.support.hierarchical.NodeTestTask.lambda$executeRecursively$6(NodeTestTask.java:155)
	at org.junit.platform.engine.support.hierarchical.ThrowableCollector.execute(ThrowableCollector.java:73)
	at org.junit.platform.engine.support.hierarchical.NodeTestTask.lambda$executeRecursively$8(NodeTestTask.java:141)
	at org.junit.platform.engine.support.hierarchical.Node.around(Node.java:137)
	at org.junit.platform.engine.support.hierarchical.NodeTestTask.lambda$executeRecursively$9(NodeTestTask.java:139)
	at org.junit.platform.engine.support.hierarchical.ThrowableCollector.execute(ThrowableCollector.java:73)
	at org.junit.platform.engine.support.hierarchical.NodeTestTask.executeRecursively(NodeTestTask.java:138)
	at org.junit.platform.engine.support.hierarchical.NodeTestTask.execute(NodeTestTask.java:95)
	at org.junit.platform.engine.support.hierarchical.SameThreadHierarchicalTestExecutorService.submit(SameThreadHierarchicalTestExecutorService.java:35)
	at org.junit.platform.engine.support.hierarchical.HierarchicalTestExecutor.execute(HierarchicalTestExecutor.java:57)
	at org.junit.platform.engine.support.hierarchical.HierarchicalTestEngine.execute(HierarchicalTestEngine.java:54)
	at org.junit.platform.launcher.core.EngineExecutionOrchestrator.execute(EngineExecutionOrchestrator.java:198)
	at org.junit.platform.launcher.core.EngineExecutionOrchestrator.execute(EngineExecutionOrchestrator.java:169)
	at org.junit.platform.launcher.core.EngineExecutionOrchestrator.execute(EngineExecutionOrchestrator.java:93)
	at org.junit.platform.launcher.core.EngineExecutionOrchestrator.lambda$execute$0(EngineExecutionOrchestrator.java:58)
	at org.junit.platform.launcher.core.EngineExecutionOrchestrator.withInterceptedStreams(EngineExecutionOrchestrator.java:141)
	at org.junit.platform.launcher.core.EngineExecutionOrchestrator.execute(EngineExecutionOrchestrator.java:57)
	at org.junit.platform.launcher.core.DefaultLauncher.execute(DefaultLauncher.java:103)
	at org.junit.platform.launcher.core.DefaultLauncher.execute(DefaultLauncher.java:85)
	at org.junit.platform.launcher.core.DelegatingLauncher.execute(DelegatingLauncher.java:47)
	at org.apache.maven.surefire.junitplatform.LazyLauncher.execute(LazyLauncher.java:56)
	at org.apache.maven.surefire.junitplatform.JUnitPlatformProvider.execute(JUnitPlatformProvider.java:184)
	at org.apache.maven.surefire.junitplatform.JUnitPlatformProvider.invokeAllTests(JUnitPlatformProvider.java:148)
	at org.apache.maven.surefire.junitplatform.JUnitPlatformProvider.invoke(JUnitPlatformProvider.java:122)
	at org.apache.maven.surefire.booter.ForkedBooter.runSuitesInProcess(ForkedBooter.java:385)
	at org.apache.maven.surefire.booter.ForkedBooter.execute(ForkedBooter.java:162)
	at org.apache.maven.surefire.booter.ForkedBooter.run(ForkedBooter.java:507)
	at org.apache.maven.surefire.booter.ForkedBooter.main(ForkedBooter.java:495)
Caused by: org.antlr.v4.runtime.InputMismatchException: null
	at org.antlr.v4.runtime.DefaultErrorStrategy.recoverInline(DefaultErrorStrategy.java:483)
	at org.antlr.v4.runtime.Parser.match(Parser.java:208)
	at com.cobol.translator.grammar.CobolParser.identificationDivision(CobolParser.java:460)
	... 74 common frames omitted
16:40:50.590 [main] WARN com.cobol.translator.parser.CobolASTParser -- Invalid COBOL syntax: Failed to parse COBOL source: inline-source
]]></system-out>
  </testcase>
  <testcase name="testParseRealFile" classname="com.cobol.translator.parser.CobolASTParserTest" time="0.076">
    <system-out><![CDATA[16:40:50.591 [main] INFO com.cobol.translator.parser.CobolASTParser -- Parsing COBOL file: examples/simple-customer.cob
16:40:50.664 [main] INFO com.cobol.translator.parser.CobolASTBuilder -- Built AST for program: CUSTPROC
16:40:50.664 [main] INFO com.cobol.translator.parser.CobolASTParser -- Successfully parsed program: CUSTPROC
✓ Successfully parsed COBOL program: CUSTPROC
  - File descriptions: 1
  - Working-storage items: 2
  - Paragraphs: 2
]]></system-out>
  </testcase>
  <testcase name="testParseWithWorkingStorage" classname="com.cobol.translator.parser.CobolASTParserTest" time="0.001">
    <system-out><![CDATA[16:40:50.669 [main] INFO com.cobol.translator.parser.CobolASTParser -- Parsing COBOL source: ws-test
16:40:50.670 [main] INFO com.cobol.translator.parser.CobolASTBuilder -- Built AST for program: WSPROG
16:40:50.670 [main] INFO com.cobol.translator.parser.CobolASTParser -- Successfully parsed program: WSPROG
]]></system-out>
  </testcase>
</testsuite>