<?xml version="1.0" encoding="UTF-8"?>
<testsuite xmlns:xsi="http://www.w3.org/2001/XMLSchema-instance" xsi:noNamespaceSchemaLocation="https://maven.apache.org/surefire/maven-surefire-plugin/xsd/surefire-test-report-3.0.xsd" version="3.0" name="com.cobol.translator.generator.BusinessLogicTranslatorTest" time="0.019" tests="29" errors="0" skipped="0" failures="0">
  <properties>
[...]
</properties>
  <testcase name="testTranslateStringStatement" classname="com.cobol.translator.generator.BusinessLogicTranslatorTest" time="0.001"/>
  <testcase name="testTranslatePerformTimes" classname="com.cobol.translator.generator.BusinessLogicTranslatorTest" time="0.0"/>
  <testcase name="testTranslatePerformUntil" classname="com.cobol.translator.generator.BusinessLogicTranslatorTest" time="0.001"/>
  <testcase name="testTranslateCallStatement" classname="com.cobol.translator.generator.BusinessLogicTranslatorTest" time="0.0"/>
  <testcase name="testTranslateGoToStatement" classname="com.cobol.translator.generator.BusinessLogicTranslatorTest" time="0.001"/>
  <testcase name="testDivideWithRoundingMode" classname="com.cobol.translator.generator.BusinessLogicTranslatorTest" time="0.0"/>
  <testcase name="testTranslateAddStatement" classname="com.cobol.translator.generator.BusinessLogicTranslatorTest" time="0.0"/>
  <testcase name="testTranslateDisplayStatement" classname="com.cobol.translator.generator.BusinessLogicTranslatorTest" time="0.0"/>
  <testcase name="testEmptyParagraphGeneratesTodo" classname="com.cobol.translator.generator.BusinessLogicTranslatorTest" time="0.0"/>
  <testcase name="testSpecialCobolValues" classname="com.cobol.translator.generator.BusinessLogicTranslatorTest" time="0.0"/>
  <testcase name="testEmptyStringHandling" classname="com.cobol.translator.generator.BusinessLogicTranslatorTest" time="0.0"/>
  <testcase name="testTranslateInspectTallying" classname="com.cobol.translator.generator.BusinessLogicTranslatorTest" time="0.0"/>
  <testcase name="testTranslateUnstringStatement" classname="com.cobol.translator.generator.BusinessLogicTranslatorTest" time="0.0"/>
  <testcase name="testTranslateComputeStatement" classname="com.cobol.translator.generator.BusinessLogicTranslatorTest" time="0.0"/>
  <testcase name="testTranslateComplexParagraph" classname="com.cobol.translator.generator.BusinessLogicTranslatorTest" time="0.0"/>
  <testcase name="testTranslateIfStatement" classname="com.cobol.translator.generator.BusinessLogicTranslatorTest" time="0.0"/>
  <testcase name="testNumericLiteralHandling" classname="com.cobol.translator.generator.BusinessLogicTranslatorTest" time="0.0"/>
  <testcase name="testNestedIfStatements" classname="com.cobol.translator.generator.BusinessLogicTranslatorTest" time="0.0"/>
  <testcase name="testTranslatePerformStatement" classname="com.cobol.translator.generator.BusinessLogicTranslatorTest" time="0.0"/>
  <testcase name="testArithmeticOperationValidation" classname="com.cobol.translator.generator.BusinessLogicTranslatorTest" time="0.0"/>
  <testcase name="testTranslateSearchStatement" classname="com.cobol.translator.generator.BusinessLogicTranslatorTest" time="0.0"/>
  <testcase name="testTranslateEvaluateTrue" classname="com.cobol.translator.generator.BusinessLogicTranslatorTest" time="0.001"/>
  <testcase name="testComplexConditionTranslation" classname="com.cobol.translator.generator.BusinessLogicTranslatorTest" time="0.0"/>
  <testcase name="testPerformTimesWithZero" classname="com.cobol.translator.generator.BusinessLogicTranslatorTest" time="0.0"/>
  <testcase name="testEvaluateTrueWithoutWhenClauses" classname="com.cobol.translator.generator.BusinessLogicTranslatorTest" time="0.0"/>
  <testcase name="testTranslateMoveStatement" classname="com.cobol.translator.generator.BusinessLogicTranslatorTest" time="0.001"/>
  <testcase name="testFieldNameConversion" classname="com.cobol.translator.generator.BusinessLogicTranslatorTest" time="0.0"/>
  <testcase name="testTranslateInspectReplacing" classname="com.cobol.translator.generator.BusinessLogicTranslatorTest" time="0.0"/>
  <testcase name="testNullSourceHandling" classname="com.cobol.translator.generator.BusinessLogicTranslatorTest" time="0.002"/>
</testsuite>