<?xml version="1.0" encoding="UTF-8"?>
<testsuite xmlns:xsi="http://www.w3.org/2001/XMLSchema-instance" xsi:noNamespaceSchemaLocation="https://maven.apache.org/surefire/maven-surefire-plugin/xsd/surefire-test-report-3.0.xsd" version="3.0" name="com.cobol.translator.project.ProjectGeneratorTest" time="0.183" tests="40" errors="0" skipped="0" failures="0">
  <properties>
[...]
</properties>
  <testcase name="testCreateDirectoryStructure" classname="com.cobol.translator.project.ProjectGeneratorTest" time="0.015">
    <system-out><![CDATA[17:10:41.106 [main] INFO com.cobol.translator.config.TranslatorConfiguration -- Configuration loaded from: /tmp/junit8129490019349503588/test-translator.properties
17:10:41.106 [main] INFO com.cobol.translator.project.ProjectGenerator -- Creating target project: /tmp/junit8129490019349503588/cobol-batch-processor
17:10:41.107 [main] INFO com.cobol.translator.project.ProjectGenerator -- Directory structure created
17:10:41.107 [main] INFO com.cobol.translator.project.ProjectGenerator -- Generated pom.xml
17:10:41.107 [main] INFO com.cobol.translator.project.ProjectGenerator -- Generated application.properties
17:10:41.108 [main] INFO com.cobol.translator.project.ProjectGenerator -- Generated README.md
17:10:41.108 [main] INFO com.cobol.translator.project.ProjectGenerator -- Generated .gitignore
17:10:41.108 [main] INFO com.cobol.translator.project.ProjectGenerator -- Generated main application class: CobolBatchProcessorApplication
17:10:41.108 [main] INFO com.cobol.translator.project.ProjectGenerator -- Project structure created successfully at: /tmp/junit8129490019349503588/cobol-batch-processor
]]></system-out>
  </testcase>
  <testcase name="testCreatePackageStructure" classname="com.cobol.translator.project.ProjectGeneratorTest" time="0.005">
    <system-out><![CDATA[17:10:41.117 [main] INFO com.cobol.translator.config.TranslatorConfiguration -- Configuration loaded from: /tmp/junit5691283930044175070/test-translator.properties
17:10:41.118 [main] INFO com.cobol.translator.project.ProjectGenerator -- Creating target project: /tmp/junit5691283930044175070/cobol-batch-processor
17:10:41.118 [main] INFO com.cobol.translator.project.ProjectGenerator -- Directory structure created
17:10:41.119 [main] INFO com.cobol.translator.project.ProjectGenerator -- Generated pom.xml
17:10:41.119 [main] INFO com.cobol.translator.project.ProjectGenerator -- Generated application.properties
17:10:41.119 [main] INFO com.cobol.translator.project.ProjectGenerator -- Generated README.md
17:10:41.119 [main] INFO com.cobol.translator.project.ProjectGenerator -- Generated .gitignore
17:10:41.119 [main] INFO com.cobol.translator.project.ProjectGenerator -- Generated main application class: CobolBatchProcessorApplication
17:10:41.119 [main] INFO com.cobol.translator.project.ProjectGenerator -- Project structure created successfully at: /tmp/junit5691283930044175070/cobol-batch-processor
]]></system-out>
  </testcase>
  <testcase name="testCreateDataDirectories" classname="com.cobol.translator.project.ProjectGeneratorTest" time="0.004">
    <system-out><![CDATA[17:10:41.123 [main] INFO com.cobol.translator.config.TranslatorConfiguration -- Configuration loaded from: /tmp/junit18212033574772511877/test-translator.properties
17:10:41.123 [main] INFO com.cobol.translator.project.ProjectGenerator -- Creating target project: /tmp/junit18212033574772511877/cobol-batch-processor
17:10:41.123 [main] INFO com.cobol.translator.project.ProjectGenerator -- Directory structure created
17:10:41.123 [main] INFO com.cobol.translator.project.ProjectGenerator -- Generated pom.xml
17:10:41.123 [main] INFO com.cobol.translator.project.ProjectGenerator -- Generated application.properties
17:10:41.124 [main] INFO com.cobol.translator.project.ProjectGenerator -- Generated README.md
17:10:41.124 [main] INFO com.cobol.translator.project.ProjectGenerator -- Generated .gitignore
17:10:41.124 [main] INFO com.cobol.translator.project.ProjectGenerator -- Generated main application class: CobolBatchProcessorApplication
17:10:41.124 [main] INFO com.cobol.translator.project.ProjectGenerator -- Project structure created successfully at: /tmp/junit18212033574772511877/cobol-batch-processor
]]></system-out>
  </testcase>
  <testcase name="testCreateDocsDirectory" classname="com.cobol.translator.project.ProjectGeneratorTest" time="0.003">
    <system-out><![CDATA[17:10:41.127 [main] INFO com.cobol.translator.config.TranslatorConfiguration -- Configuration loaded from: /tmp/junit17995595891699873362/test-translator.properties
17:10:41.128 [main] INFO com.cobol.translator.project.ProjectGenerator -- Creating target project: /tmp/junit17995595891699873362/cobol-batch-processor
17:10:41.128 [main] INFO com.cobol.translator.project.ProjectGenerator -- Directory structure created
17:10:41.128 [main] INFO com.cobol.translator.project.ProjectGenerator -- Generated pom.xml
17:10:41.128 [main] INFO com.cobol.translator.project.ProjectGenerator -- Generated application.properties
17:10:41.129 [main] INFO com.cobol.translator.project.ProjectGenerator -- Generated README.md
17:10:41.129 [main] INFO com.cobol.translator.project.ProjectGenerator -- Generated .gitignore
17:10:41.129 [main] INFO com.cobol.translator.project.ProjectGenerator -- Generated main application class: CobolBatchProcessorApplication
17:10:41.129 [main] INFO com.cobol.translator.project.ProjectGenerator -- Project structure created successfully at: /tmp/junit17995595891699873362/cobol-batch-processor
]]></system-out>
  </testcase>
  <testcase name="testGeneratePomXml" classname="com.cobol.translator.project.ProjectGeneratorTest" time="0.004">
    <system-out><![CDATA[17:10:41.131 [main] INFO com.cobol.translator.config.TranslatorConfiguration -- Configuration loaded from: /tmp/junit909993190277124068/test-translator.properties
17:10:41.132 [main] INFO com.cobol.translator.project.ProjectGenerator -- Creating target project: /tmp/junit909993190277124068/cobol-batch-processor
17:10:41.132 [main] INFO com.cobol.translator.project.ProjectGenerator -- Directory structure created
17:10:41.132 [main] INFO com.cobol.translator.project.ProjectGenerator -- Generated pom.xml
17:10:41.132 [main] INFO com.cobol.translator.project.ProjectGenerator -- Generated application.properties
17:10:41.133 [main] INFO com.cobol.translator.project.ProjectGenerator -- Generated README.md
17:10:41.133 [main] INFO com.cobol.translator.project.ProjectGenerator -- Generated .gitignore
17:10:41.133 [main] INFO com.cobol.translator.project.ProjectGenerator -- Generated main application class: CobolBatchProcessorApplication
17:10:41.133 [main] INFO com.cobol.translator.project.ProjectGenerator -- Project structure created successfully at: /tmp/junit909993190277124068/cobol-batch-processor
]]></system-out>
  </testcase>
  <testcase name="testPomXmlProjectInfo" classname="com.cobol.translator.project.ProjectGeneratorTest" time="0.004">
    <system-out><![CDATA[17:10:41.138 [main] INFO com.cobol.translator.config.TranslatorConfiguration -- Configuration loaded from: /tmp/junit1677278120117983547/test-translator.properties
17:10:41.139 [main] INFO com.cobol.translator.project.ProjectGenerator -- Creating target project: /tmp/junit1677278120117983547/cobol-batch-processor
17:10:41.139 [main] INFO com.cobol.translator.project.ProjectGenerator -- Directory structure created
17:10:41.139 [main] INFO com.cobol.translator.project.ProjectGenerator -- Generated pom.xml
17:10:41.139 [main] INFO com.cobol.translator.project.ProjectGenerator -- Generated application.properties
17:10:41.140 [main] INFO com.cobol.translator.project.ProjectGenerator -- Generated README.md
17:10:41.140 [main] INFO com.cobol.translator.project.ProjectGenerator -- Generated .gitignore
17:10:41.140 [main] INFO com.cobol.translator.project.ProjectGenerator -- Generated main application class: CobolBatchProcessorApplication
17:10:41.140 [main] INFO com.cobol.translator.project.ProjectGenerator -- Project structure created successfully at: /tmp/junit1677278120117983547/cobol-batch-processor
]]></system-out>
  </testcase>
  <testcase name="testPomXmlSpringBootParent" classname="com.cobol.translator.project.ProjectGeneratorTest" time="0.003">
    <system-out><![CDATA[17:10:41.143 [main] INFO com.cobol.translator.config.TranslatorConfiguration -- Configuration loaded from: /tmp/junit1119078139182650115/test-translator.properties
17:10:41.143 [main] INFO com.cobol.translator.project.ProjectGenerator -- Creating target project: /tmp/junit1119078139182650115/cobol-batch-processor
17:10:41.143 [main] INFO com.cobol.translator.project.ProjectGenerator -- Directory structure created
17:10:41.143 [main] INFO com.cobol.translator.project.ProjectGenerator -- Generated pom.xml
17:10:41.143 [main] INFO com.cobol.translator.project.ProjectGenerator -- Generated application.properties
17:10:41.143 [main] INFO com.cobol.translator.project.ProjectGenerator -- Generated README.md
17:10:41.143 [main] INFO com.cobol.translator.project.ProjectGenerator -- Generated .gitignore
17:10:41.143 [main] INFO com.cobol.translator.project.ProjectGenerator -- Generated main application class: CobolBatchProcessorApplication
17:10:41.143 [main] INFO com.cobol.translator.project.ProjectGenerator -- Project structure created successfully at: /tmp/junit1119078139182650115/cobol-batch-processor
]]></system-out>
  </testcase>
  <testcase name="testPomXmlProperties" classname="com.cobol.translator.project.ProjectGeneratorTest" time="0.002">
    <system-out><![CDATA[17:10:41.146 [main] INFO com.cobol.translator.config.TranslatorConfiguration -- Configuration loaded from: /tmp/junit12904436240618138869/test-translator.properties
17:10:41.146 [main] INFO com.cobol.translator.project.ProjectGenerator -- Creating target project: /tmp/junit12904436240618138869/cobol-batch-processor
17:10:41.146 [main] INFO com.cobol.translator.project.ProjectGenerator -- Directory structure created
17:10:41.146 [main] INFO com.cobol.translator.project.ProjectGenerator -- Generated pom.xml
17:10:41.146 [main] INFO com.cobol.translator.project.ProjectGenerator -- Generated application.properties
17:10:41.146 [main] INFO com.cobol.translator.project.ProjectGenerator -- Generated README.md
17:10:41.146 [main] INFO com.cobol.translator.project.ProjectGenerator -- Generated .gitignore
17:10:41.146 [main] INFO com.cobol.translator.project.ProjectGenerator -- Generated main application class: CobolBatchProcessorApplication
17:10:41.146 [main] INFO com.cobol.translator.project.ProjectGenerator -- Project structure created successfully at: /tmp/junit12904436240618138869/cobol-batch-processor
]]></system-out>
  </testcase>
  <testcase name="testPomXmlSpringBootDependencies" classname="com.cobol.translator.project.ProjectGeneratorTest" time="0.006">
    <system-out><![CDATA[17:10:41.149 [main] INFO com.cobol.translator.config.TranslatorConfiguration -- Configuration loaded from: /tmp/junit17882238194409186984/test-translator.properties
17:10:41.149 [main] INFO com.cobol.translator.project.ProjectGenerator -- Creating target project: /tmp/junit17882238194409186984/cobol-batch-processor
17:10:41.150 [main] INFO com.cobol.translator.project.ProjectGenerator -- Directory structure created
17:10:41.150 [main] INFO com.cobol.translator.project.ProjectGenerator -- Generated pom.xml
17:10:41.150 [main] INFO com.cobol.translator.project.ProjectGenerator -- Generated application.properties
17:10:41.150 [main] INFO com.cobol.translator.project.ProjectGenerator -- Generated README.md
17:10:41.150 [main] INFO com.cobol.translator.project.ProjectGenerator -- Generated .gitignore
17:10:41.150 [main] INFO com.cobol.translator.project.ProjectGenerator -- Generated main application class: CobolBatchProcessorApplication
17:10:41.150 [main] INFO com.cobol.translator.project.ProjectGenerator -- Project structure created successfully at: /tmp/junit17882238194409186984/cobol-batch-processor
]]></system-out>
  </testcase>
  <testcase name="testPomXmlDatabaseDependency" classname="com.cobol.translator.project.ProjectGeneratorTest" time="0.005">
    <system-out><![CDATA[17:10:41.157 [main] INFO com.cobol.translator.config.TranslatorConfiguration -- Configuration loaded from: /tmp/junit13124250809559608408/test-translator.properties
17:10:41.157 [main] INFO com.cobol.translator.project.ProjectGenerator -- Creating target project: /tmp/junit13124250809559608408/cobol-batch-processor
17:10:41.157 [main] INFO com.cobol.translator.project.ProjectGenerator -- Directory structure created
17:10:41.157 [main] INFO com.cobol.translator.project.ProjectGenerator -- Generated pom.xml
17:10:41.157 [main] INFO com.cobol.translator.project.ProjectGenerator -- Generated application.properties
17:10:41.157 [main] INFO com.cobol.translator.project.ProjectGenerator -- Generated README.md
17:10:41.157 [main] INFO com.cobol.translator.project.ProjectGenerator -- Generated .gitignore
17:10:41.158 [main] INFO com.cobol.translator.project.ProjectGenerator -- Generated main application class: CobolBatchProcessorApplication
17:10:41.158 [main] INFO com.cobol.translator.project.ProjectGenerator -- Project structure created successfully at: /tmp/junit13124250809559608408/cobol-batch-processor
]]></system-out>
  </testcase>
  <testcase name="testPomXmlLombokDependency" classname="com.cobol.translator.project.ProjectGeneratorTest" time="0.003">
    <system-out><![CDATA[17:10:41.160 [main] INFO com.cobol.translator.config.TranslatorConfiguration -- Configuration loaded from: /tmp/junit16690791472638569898/test-translator.properties
17:10:41.160 [main] INFO com.cobol.translator.project.ProjectGenerator -- Creating target project: /tmp/junit16690791472638569898/cobol-batch-processor
17:10:41.161 [main] INFO com.cobol.translator.project.ProjectGenerator -- Directory structure created
17:10:41.161 [main] INFO com.cobol.translator.project.ProjectGenerator -- Generated pom.xml
17:10:41.161 [main] INFO com.cobol.translator.project.ProjectGenerator -- Generated application.properties
17:10:41.161 [main] INFO com.cobol.translator.project.ProjectGenerator -- Generated README.md
17:10:41.161 [main] INFO com.cobol.translator.project.ProjectGenerator -- Generated .gitignore
17:10:41.161 [main] INFO com.cobol.translator.project.ProjectGenerator -- Generated main application class: CobolBatchProcessorApplication
17:10:41.161 [main] INFO com.cobol.translator.project.ProjectGenerator -- Project structure created successfully at: /tmp/junit16690791472638569898/cobol-batch-processor
]]></system-out>
  </testcase>
  <testcase name="testPomXmlTestDependencies" classname="com.cobol.translator.project.ProjectGeneratorTest" time="0.003">
    <system-out><![CDATA[17:10:41.164 [main] INFO com.cobol.translator.config.TranslatorConfiguration -- Configuration loaded from: /tmp/junit12317662461227444627/test-translator.properties
17:10:41.164 [main] INFO com.cobol.translator.project.ProjectGenerator -- Creating target project: /tmp/junit12317662461227444627/cobol-batch-processor
17:10:41.164 [main] INFO com.cobol.translator.project.ProjectGenerator -- Directory structure created
17:10:41.164 [main] INFO com.cobol.translator.project.ProjectGenerator -- Generated pom.xml
17:10:41.164 [main] INFO com.cobol.translator.project.ProjectGenerator -- Generated application.properties
17:10:41.165 [main] INFO com.cobol.translator.project.ProjectGenerator -- Generated README.md
17:10:41.165 [main] INFO com.cobol.translator.project.ProjectGenerator -- Generated .gitignore
17:10:41.165 [main] INFO com.cobol.translator.project.ProjectGenerator -- Generated main application class: CobolBatchProcessorApplication
17:10:41.165 [main] INFO com.cobol.translator.project.ProjectGenerator -- Project structure created successfully at: /tmp/junit12317662461227444627/cobol-batch-processor
]]></system-out>
  </testcase>
  <testcase name="testPomXmlMavenPlugin" classname="com.cobol.translator.project.ProjectGeneratorTest" time="0.004">
    <system-out><![CDATA[17:10:41.169 [main] INFO com.cobol.translator.config.TranslatorConfiguration -- Configuration loaded from: /tmp/junit14724412141585947665/test-translator.properties
17:10:41.169 [main] INFO com.cobol.translator.project.ProjectGenerator -- Creating target project: /tmp/junit14724412141585947665/cobol-batch-processor
17:10:41.169 [main] INFO com.cobol.translator.project.ProjectGenerator -- Directory structure created
17:10:41.169 [main] INFO com.cobol.translator.project.ProjectGenerator -- Generated pom.xml
17:10:41.169 [main] INFO com.cobol.translator.project.ProjectGenerator -- Generated application.properties
17:10:41.170 [main] INFO com.cobol.translator.project.ProjectGenerator -- Generated README.md
17:10:41.170 [main] INFO com.cobol.translator.project.ProjectGenerator -- Generated .gitignore
17:10:41.170 [main] INFO com.cobol.translator.project.ProjectGenerator -- Generated main application class: CobolBatchProcessorApplication
17:10:41.170 [main] INFO com.cobol.translator.project.ProjectGenerator -- Project structure created successfully at: /tmp/junit14724412141585947665/cobol-batch-processor
]]></system-out>
  </testcase>
  <testcase name="testPomXmlValidXml" classname="com.cobol.translator.project.ProjectGeneratorTest" time="0.005">
    <system-out><![CDATA[17:10:41.173 [main] INFO com.cobol.translator.config.TranslatorConfiguration -- Configuration loaded from: /tmp/junit1054661676151217585/test-translator.properties
17:10:41.173 [main] INFO com.cobol.translator.project.ProjectGenerator -- Creating target project: /tmp/junit1054661676151217585/cobol-batch-processor
17:10:41.174 [main] INFO com.cobol.translator.project.ProjectGenerator -- Directory structure created
17:10:41.174 [main] INFO com.cobol.translator.project.ProjectGenerator -- Generated pom.xml
17:10:41.174 [main] INFO com.cobol.translator.project.ProjectGenerator -- Generated application.properties
17:10:41.174 [main] INFO com.cobol.translator.project.ProjectGenerator -- Generated README.md
17:10:41.174 [main] INFO com.cobol.translator.project.ProjectGenerator -- Generated .gitignore
17:10:41.174 [main] INFO com.cobol.translator.project.ProjectGenerator -- Generated main application class: CobolBatchProcessorApplication
17:10:41.174 [main] INFO com.cobol.translator.project.ProjectGenerator -- Project structure created successfully at: /tmp/junit1054661676151217585/cobol-batch-processor
]]></system-out>
  </testcase>
  <testcase name="testGenerateApplicationProperties" classname="com.cobol.translator.project.ProjectGeneratorTest" time="0.004">
    <system-out><![CDATA[17:10:41.179 [main] INFO com.cobol.translator.config.TranslatorConfiguration -- Configuration loaded from: /tmp/junit4218161482105601097/test-translator.properties
17:10:41.179 [main] INFO com.cobol.translator.project.ProjectGenerator -- Creating target project: /tmp/junit4218161482105601097/cobol-batch-processor
17:10:41.180 [main] INFO com.cobol.translator.project.ProjectGenerator -- Directory structure created
17:10:41.180 [main] INFO com.cobol.translator.project.ProjectGenerator -- Generated pom.xml
17:10:41.180 [main] INFO com.cobol.translator.project.ProjectGenerator -- Generated application.properties
17:10:41.180 [main] INFO com.cobol.translator.project.ProjectGenerator -- Generated README.md
17:10:41.180 [main] INFO com.cobol.translator.project.ProjectGenerator -- Generated .gitignore
17:10:41.180 [main] INFO com.cobol.translator.project.ProjectGenerator -- Generated main application class: CobolBatchProcessorApplication
17:10:41.180 [main] INFO com.cobol.translator.project.ProjectGenerator -- Project structure created successfully at: /tmp/junit4218161482105601097/cobol-batch-processor
]]></system-out>
  </testcase>
  <testcase name="testApplicationPropertiesAppName" classname="com.cobol.translator.project.ProjectGeneratorTest" time="0.009">
    <system-out><![CDATA[17:10:41.182 [main] INFO com.cobol.translator.config.TranslatorConfiguration -- Configuration loaded from: /tmp/junit15300660723986888994/test-translator.properties
17:10:41.182 [main] INFO com.cobol.translator.project.ProjectGenerator -- Creating target project: /tmp/junit15300660723986888994/cobol-batch-processor
17:10:41.183 [main] INFO com.cobol.translator.project.ProjectGenerator -- Directory structure created
17:10:41.183 [main] INFO com.cobol.translator.project.ProjectGenerator -- Generated pom.xml
17:10:41.183 [main] INFO com.cobol.translator.project.ProjectGenerator -- Generated application.properties
17:10:41.183 [main] INFO com.cobol.translator.project.ProjectGenerator -- Generated README.md
17:10:41.183 [main] INFO com.cobol.translator.project.ProjectGenerator -- Generated .gitignore
17:10:41.183 [main] INFO com.cobol.translator.project.ProjectGenerator -- Generated main application class: CobolBatchProcessorApplication
17:10:41.183 [main] INFO com.cobol.translator.project.ProjectGenerator -- Project structure created successfully at: /tmp/junit15300660723986888994/cobol-batch-processor
]]></system-out>
  </testcase>
  <testcase name="testApplicationPropertiesDatasource" classname="com.cobol.translator.project.ProjectGeneratorTest" time="0.003">
    <system-out><![CDATA[17:10:41.193 [main] INFO com.cobol.translator.config.TranslatorConfiguration -- Configuration loaded from: /tmp/junit17597134301729581224/test-translator.properties
17:10:41.193 [main] INFO com.cobol.translator.project.ProjectGenerator -- Creating target project: /tmp/junit17597134301729581224/cobol-batch-processor
17:10:41.193 [main] INFO com.cobol.translator.project.ProjectGenerator -- Directory structure created
17:10:41.193 [main] INFO com.cobol.translator.project.ProjectGenerator -- Generated pom.xml
17:10:41.193 [main] INFO com.cobol.translator.project.ProjectGenerator -- Generated application.properties
17:10:41.193 [main] INFO com.cobol.translator.project.ProjectGenerator -- Generated README.md
17:10:41.193 [main] INFO com.cobol.translator.project.ProjectGenerator -- Generated .gitignore
17:10:41.193 [main] INFO com.cobol.translator.project.ProjectGenerator -- Generated main application class: CobolBatchProcessorApplication
17:10:41.194 [main] INFO com.cobol.translator.project.ProjectGenerator -- Project structure created successfully at: /tmp/junit17597134301729581224/cobol-batch-processor
]]></system-out>
  </testcase>
  <testcase name="testApplicationPropertiesJpa" classname="com.cobol.translator.project.ProjectGeneratorTest" time="0.002">
    <system-out><![CDATA[17:10:41.195 [main] INFO com.cobol.translator.config.TranslatorConfiguration -- Configuration loaded from: /tmp/junit9405648059973345971/test-translator.properties
17:10:41.195 [main] INFO com.cobol.translator.project.ProjectGenerator -- Creating target project: /tmp/junit9405648059973345971/cobol-batch-processor
17:10:41.196 [main] INFO com.cobol.translator.project.ProjectGenerator -- Directory structure created
17:10:41.196 [main] INFO com.cobol.translator.project.ProjectGenerator -- Generated pom.xml
17:10:41.196 [main] INFO com.cobol.translator.project.ProjectGenerator -- Generated application.properties
17:10:41.196 [main] INFO com.cobol.translator.project.ProjectGenerator -- Generated README.md
17:10:41.196 [main] INFO com.cobol.translator.project.ProjectGenerator -- Generated .gitignore
17:10:41.196 [main] INFO com.cobol.translator.project.ProjectGenerator -- Generated main application class: CobolBatchProcessorApplication
17:10:41.196 [main] INFO com.cobol.translator.project.ProjectGenerator -- Project structure created successfully at: /tmp/junit9405648059973345971/cobol-batch-processor
]]></system-out>
  </testcase>
  <testcase name="testApplicationPropertiesLogging" classname="com.cobol.translator.project.ProjectGeneratorTest" time="0.002">
    <system-out><![CDATA[17:10:41.198 [main] INFO com.cobol.translator.config.TranslatorConfiguration -- Configuration loaded from: /tmp/junit4572450296011002931/test-translator.properties
17:10:41.198 [main] INFO com.cobol.translator.project.ProjectGenerator -- Creating target project: /tmp/junit4572450296011002931/cobol-batch-processor
17:10:41.199 [main] INFO com.cobol.translator.project.ProjectGenerator -- Directory structure created
17:10:41.199 [main] INFO com.cobol.translator.project.ProjectGenerator -- Generated pom.xml
17:10:41.199 [main] INFO com.cobol.translator.project.ProjectGenerator -- Generated application.properties
17:10:41.199 [main] INFO com.cobol.translator.project.ProjectGenerator -- Generated README.md
17:10:41.199 [main] INFO com.cobol.translator.project.ProjectGenerator -- Generated .gitignore
17:10:41.199 [main] INFO com.cobol.translator.project.ProjectGenerator -- Generated main application class: CobolBatchProcessorApplication
17:10:41.199 [main] INFO com.cobol.translator.project.ProjectGenerator -- Project structure created successfully at: /tmp/junit4572450296011002931/cobol-batch-processor
]]></system-out>
  </testcase>
  <testcase name="testApplicationPropertiesFilePaths" classname="com.cobol.translator.project.ProjectGeneratorTest" time="0.004">
    <system-out><![CDATA[17:10:41.202 [main] INFO com.cobol.translator.config.TranslatorConfiguration -- Configuration loaded from: /tmp/junit2861269592798765166/test-translator.properties
17:10:41.202 [main] INFO com.cobol.translator.project.ProjectGenerator -- Creating target project: /tmp/junit2861269592798765166/cobol-batch-processor
17:10:41.202 [main] INFO com.cobol.translator.project.ProjectGenerator -- Directory structure created
17:10:41.203 [main] INFO com.cobol.translator.project.ProjectGenerator -- Generated pom.xml
17:10:41.203 [main] INFO com.cobol.translator.project.ProjectGenerator -- Generated application.properties
17:10:41.203 [main] INFO com.cobol.translator.project.ProjectGenerator -- Generated README.md
17:10:41.203 [main] INFO com.cobol.translator.project.ProjectGenerator -- Generated .gitignore
17:10:41.203 [main] INFO com.cobol.translator.project.ProjectGenerator -- Generated main application class: CobolBatchProcessorApplication
17:10:41.203 [main] INFO com.cobol.translator.project.ProjectGenerator -- Project structure created successfully at: /tmp/junit2861269592798765166/cobol-batch-processor
]]></system-out>
  </testcase>
  <testcase name="testApplicationPropertiesBatchConfig" classname="com.cobol.translator.project.ProjectGeneratorTest" time="0.004">
    <system-out><![CDATA[17:10:41.208 [main] INFO com.cobol.translator.config.TranslatorConfiguration -- Configuration loaded from: /tmp/junit14658025078817268331/test-translator.properties
17:10:41.208 [main] INFO com.cobol.translator.project.ProjectGenerator -- Creating target project: /tmp/junit14658025078817268331/cobol-batch-processor
17:10:41.208 [main] INFO com.cobol.translator.project.ProjectGenerator -- Directory structure created
17:10:41.208 [main] INFO com.cobol.translator.project.ProjectGenerator -- Generated pom.xml
17:10:41.208 [main] INFO com.cobol.translator.project.ProjectGenerator -- Generated application.properties
17:10:41.209 [main] INFO com.cobol.translator.project.ProjectGenerator -- Generated README.md
17:10:41.209 [main] INFO com.cobol.translator.project.ProjectGenerator -- Generated .gitignore
17:10:41.209 [main] INFO com.cobol.translator.project.ProjectGenerator -- Generated main application class: CobolBatchProcessorApplication
17:10:41.209 [main] INFO com.cobol.translator.project.ProjectGenerator -- Project structure created successfully at: /tmp/junit14658025078817268331/cobol-batch-processor
]]></system-out>
  </testcase>
  <testcase name="testGenerateReadme" classname="com.cobol.translator.project.ProjectGeneratorTest" time="0.002">
    <system-out><![CDATA[17:10:41.211 [main] INFO com.cobol.translator.config.TranslatorConfiguration -- Configuration loaded from: /tmp/junit18357905576659478645/test-translator.properties
17:10:41.211 [main] INFO com.cobol.translator.project.ProjectGenerator -- Creating target project: /tmp/junit18357905576659478645/cobol-batch-processor
17:10:41.211 [main] INFO com.cobol.translator.project.ProjectGenerator -- Directory structure created
17:10:41.211 [main] INFO com.cobol.translator.project.ProjectGenerator -- Generated pom.xml
17:10:41.211 [main] INFO com.cobol.translator.project.ProjectGenerator -- Generated application.properties
17:10:41.212 [main] INFO com.cobol.translator.project.ProjectGenerator -- Generated README.md
17:10:41.212 [main] INFO com.cobol.translator.project.ProjectGenerator -- Generated .gitignore
17:10:41.212 [main] INFO com.cobol.translator.project.ProjectGenerator -- Generated main application class: CobolBatchProcessorApplication
17:10:41.212 [main] INFO com.cobol.translator.project.ProjectGenerator -- Project structure created successfully at: /tmp/junit18357905576659478645/cobol-batch-processor
]]></system-out>
  </testcase>
  <testcase name="testReadmeProjectName" classname="com.cobol.translator.project.ProjectGeneratorTest" time="0.002">
    <system-out><![CDATA[17:10:41.213 [main] INFO com.cobol.translator.config.TranslatorConfiguration -- Configuration loaded from: /tmp/junit9444870383996164169/test-translator.properties
17:10:41.213 [main] INFO com.cobol.translator.project.ProjectGenerator -- Creating target project: /tmp/junit9444870383996164169/cobol-batch-processor
17:10:41.214 [main] INFO com.cobol.translator.project.ProjectGenerator -- Directory structure created
17:10:41.214 [main] INFO com.cobol.translator.project.ProjectGenerator -- Generated pom.xml
17:10:41.214 [main] INFO com.cobol.translator.project.ProjectGenerator -- Generated application.properties
17:10:41.214 [main] INFO com.cobol.translator.project.ProjectGenerator -- Generated README.md
17:10:41.214 [main] INFO com.cobol.translator.project.ProjectGenerator -- Generated .gitignore
17:10:41.214 [main] INFO com.cobol.translator.project.ProjectGenerator -- Generated main application class: CobolBatchProcessorApplication
17:10:41.214 [main] INFO com.cobol.translator.project.ProjectGenerator -- Project structure created successfully at: /tmp/junit9444870383996164169/cobol-batch-processor
]]></system-out>
  </testcase>
  <testcase name="testReadmeSections" classname="com.cobol.translator.project.ProjectGeneratorTest" time="0.003">
    <system-out><![CDATA[17:10:41.216 [main] INFO com.cobol.translator.config.TranslatorConfiguration -- Configuration loaded from: /tmp/junit18381567031882558578/test-translator.properties
17:10:41.216 [main] INFO com.cobol.translator.project.ProjectGenerator -- Creating target project: /tmp/junit18381567031882558578/cobol-batch-processor
17:10:41.217 [main] INFO com.cobol.translator.project.ProjectGenerator -- Directory structure created
17:10:41.217 [main] INFO com.cobol.translator.project.ProjectGenerator -- Generated pom.xml
17:10:41.217 [main] INFO com.cobol.translator.project.ProjectGenerator -- Generated application.properties
17:10:41.217 [main] INFO com.cobol.translator.project.ProjectGenerator -- Generated README.md
17:10:41.217 [main] INFO com.cobol.translator.project.ProjectGenerator -- Generated .gitignore
17:10:41.217 [main] INFO com.cobol.translator.project.ProjectGenerator -- Generated main application class: CobolBatchProcessorApplication
17:10:41.217 [main] INFO com.cobol.translator.project.ProjectGenerator -- Project structure created successfully at: /tmp/junit18381567031882558578/cobol-batch-processor
]]></system-out>
  </testcase>
  <testcase name="testReadmeMavenCommands" classname="com.cobol.translator.project.ProjectGeneratorTest" time="0.003">
    <system-out><![CDATA[17:10:41.220 [main] INFO com.cobol.translator.config.TranslatorConfiguration -- Configuration loaded from: /tmp/junit17272650613394739677/test-translator.properties
17:10:41.220 [main] INFO com.cobol.translator.project.ProjectGenerator -- Creating target project: /tmp/junit17272650613394739677/cobol-batch-processor
17:10:41.220 [main] INFO com.cobol.translator.project.ProjectGenerator -- Directory structure created
17:10:41.221 [main] INFO com.cobol.translator.project.ProjectGenerator -- Generated pom.xml
17:10:41.221 [main] INFO com.cobol.translator.project.ProjectGenerator -- Generated application.properties
17:10:41.221 [main] INFO com.cobol.translator.project.ProjectGenerator -- Generated README.md
17:10:41.221 [main] INFO com.cobol.translator.project.ProjectGenerator -- Generated .gitignore
17:10:41.221 [main] INFO com.cobol.translator.project.ProjectGenerator -- Generated main application class: CobolBatchProcessorApplication
17:10:41.221 [main] INFO com.cobol.translator.project.ProjectGenerator -- Project structure created successfully at: /tmp/junit17272650613394739677/cobol-batch-processor
]]></system-out>
  </testcase>
  <testcase name="testReadmeJavaVersion" classname="com.cobol.translator.project.ProjectGeneratorTest" time="0.002">
    <system-out><![CDATA[17:10:41.223 [main] INFO com.cobol.translator.config.TranslatorConfiguration -- Configuration loaded from: /tmp/junit15783115502978480101/test-translator.properties
17:10:41.223 [main] INFO com.cobol.translator.project.ProjectGenerator -- Creating target project: /tmp/junit15783115502978480101/cobol-batch-processor
17:10:41.223 [main] INFO com.cobol.translator.project.ProjectGenerator -- Directory structure created
17:10:41.223 [main] INFO com.cobol.translator.project.ProjectGenerator -- Generated pom.xml
17:10:41.223 [main] INFO com.cobol.translator.project.ProjectGenerator -- Generated application.properties
17:10:41.223 [main] INFO com.cobol.translator.project.ProjectGenerator -- Generated README.md
17:10:41.223 [main] INFO com.cobol.translator.project.ProjectGenerator -- Generated .gitignore
17:10:41.223 [main] INFO com.cobol.translator.project.ProjectGenerator -- Generated main application class: CobolBatchProcessorApplication
17:10:41.223 [main] INFO com.cobol.translator.project.ProjectGenerator -- Project structure created successfully at: /tmp/junit15783115502978480101/cobol-batch-processor
]]></system-out>
  </testcase>
  <testcase name="testGenerateGitignore" classname="com.cobol.translator.project.ProjectGeneratorTest" time="0.002">
    <system-out><![CDATA[17:10:41.228 [main] INFO com.cobol.translator.config.TranslatorConfiguration -- Configuration loaded from: /tmp/junit6508055738837629975/test-translator.properties
17:10:41.228 [main] INFO com.cobol.translator.project.ProjectGenerator -- Creating target project: /tmp/junit6508055738837629975/cobol-batch-processor
17:10:41.229 [main] INFO com.cobol.translator.project.ProjectGenerator -- Directory structure created
17:10:41.229 [main] INFO com.cobol.translator.project.ProjectGenerator -- Generated pom.xml
17:10:41.229 [main] INFO com.cobol.translator.project.ProjectGenerator -- Generated application.properties
17:10:41.229 [main] INFO com.cobol.translator.project.ProjectGenerator -- Generated README.md
17:10:41.229 [main] INFO com.cobol.translator.project.ProjectGenerator -- Generated .gitignore
17:10:41.229 [main] INFO com.cobol.translator.project.ProjectGenerator -- Generated main application class: CobolBatchProcessorApplication
17:10:41.229 [main] INFO com.cobol.translator.project.ProjectGenerator -- Project structure created successfully at: /tmp/junit6508055738837629975/cobol-batch-processor
]]></system-out>
  </testcase>
  <testcase name="testGitignoreMaven" classname="com.cobol.translator.project.ProjectGeneratorTest" time="0.003">
    <system-out><![CDATA[17:10:41.231 [main] INFO com.cobol.translator.config.TranslatorConfiguration -- Configuration loaded from: /tmp/junit14875569700515821868/test-translator.properties
17:10:41.232 [main] INFO com.cobol.translator.project.ProjectGenerator -- Creating target project: /tmp/junit14875569700515821868/cobol-batch-processor
17:10:41.232 [main] INFO com.cobol.translator.project.ProjectGenerator -- Directory structure created
17:10:41.232 [main] INFO com.cobol.translator.project.ProjectGenerator -- Generated pom.xml
17:10:41.232 [main] INFO com.cobol.translator.project.ProjectGenerator -- Generated application.properties
17:10:41.232 [main] INFO com.cobol.translator.project.ProjectGenerator -- Generated README.md
17:10:41.232 [main] INFO com.cobol.translator.project.ProjectGenerator -- Generated .gitignore
17:10:41.232 [main] INFO com.cobol.translator.project.ProjectGenerator -- Generated main application class: CobolBatchProcessorApplication
17:10:41.232 [main] INFO com.cobol.translator.project.ProjectGenerator -- Project structure created successfully at: /tmp/junit14875569700515821868/cobol-batch-processor
]]></system-out>
  </testcase>
  <testcase name="testGitignoreIde" classname="com.cobol.translator.project.ProjectGeneratorTest" time="0.002">
    <system-out><![CDATA[17:10:41.235 [main] INFO com.cobol.translator.config.TranslatorConfiguration -- Configuration loaded from: /tmp/junit11255924918670428010/test-translator.properties
17:10:41.235 [main] INFO com.cobol.translator.project.ProjectGenerator -- Creating target project: /tmp/junit11255924918670428010/cobol-batch-processor
17:10:41.236 [main] INFO com.cobol.translator.project.ProjectGenerator -- Directory structure created
17:10:41.236 [main] INFO com.cobol.translator.project.ProjectGenerator -- Generated pom.xml
17:10:41.236 [main] INFO com.cobol.translator.project.ProjectGenerator -- Generated application.properties
17:10:41.236 [main] INFO com.cobol.translator.project.ProjectGenerator -- Generated README.md
17:10:41.236 [main] INFO com.cobol.translator.project.ProjectGenerator -- Generated .gitignore
17:10:41.236 [main] INFO com.cobol.translator.project.ProjectGenerator -- Generated main application class: CobolBatchProcessorApplication
17:10:41.236 [main] INFO com.cobol.translator.project.ProjectGenerator -- Project structure created successfully at: /tmp/junit11255924918670428010/cobol-batch-processor
]]></system-out>
  </testcase>
  <testcase name="testGitignoreLogs" classname="com.cobol.translator.project.ProjectGeneratorTest" time="0.002">
    <system-out><![CDATA[17:10:41.238 [main] INFO com.cobol.translator.config.TranslatorConfiguration -- Configuration loaded from: /tmp/junit2987629189486677711/test-translator.properties
17:10:41.238 [main] INFO com.cobol.translator.project.ProjectGenerator -- Creating target project: /tmp/junit2987629189486677711/cobol-batch-processor
17:10:41.239 [main] INFO com.cobol.translator.project.ProjectGenerator -- Directory structure created
17:10:41.239 [main] INFO com.cobol.translator.project.ProjectGenerator -- Generated pom.xml
17:10:41.239 [main] INFO com.cobol.translator.project.ProjectGenerator -- Generated application.properties
17:10:41.239 [main] INFO com.cobol.translator.project.ProjectGenerator -- Generated README.md
17:10:41.239 [main] INFO com.cobol.translator.project.ProjectGenerator -- Generated .gitignore
17:10:41.239 [main] INFO com.cobol.translator.project.ProjectGenerator -- Generated main application class: CobolBatchProcessorApplication
17:10:41.239 [main] INFO com.cobol.translator.project.ProjectGenerator -- Project structure created successfully at: /tmp/junit2987629189486677711/cobol-batch-processor
]]></system-out>
  </testcase>
  <testcase name="testGitignoreOs" classname="com.cobol.translator.project.ProjectGeneratorTest" time="0.002">
    <system-out><![CDATA[17:10:41.241 [main] INFO com.cobol.translator.config.TranslatorConfiguration -- Configuration loaded from: /tmp/junit16530740907025483174/test-translator.properties
17:10:41.241 [main] INFO com.cobol.translator.project.ProjectGenerator -- Creating target project: /tmp/junit16530740907025483174/cobol-batch-processor
17:10:41.241 [main] INFO com.cobol.translator.project.ProjectGenerator -- Directory structure created
17:10:41.241 [main] INFO com.cobol.translator.project.ProjectGenerator -- Generated pom.xml
17:10:41.241 [main] INFO com.cobol.translator.project.ProjectGenerator -- Generated application.properties
17:10:41.242 [main] INFO com.cobol.translator.project.ProjectGenerator -- Generated README.md
17:10:41.242 [main] INFO com.cobol.translator.project.ProjectGenerator -- Generated .gitignore
17:10:41.242 [main] INFO com.cobol.translator.project.ProjectGenerator -- Generated main application class: CobolBatchProcessorApplication
17:10:41.242 [main] INFO com.cobol.translator.project.ProjectGenerator -- Project structure created successfully at: /tmp/junit16530740907025483174/cobol-batch-processor
]]></system-out>
  </testcase>
  <testcase name="testGenerateMainApplicationClass" classname="com.cobol.translator.project.ProjectGeneratorTest" time="0.001">
    <system-out><![CDATA[17:10:41.243 [main] INFO com.cobol.translator.config.TranslatorConfiguration -- Configuration loaded from: /tmp/junit450675226630718366/test-translator.properties
17:10:41.243 [main] INFO com.cobol.translator.project.ProjectGenerator -- Creating target project: /tmp/junit450675226630718366/cobol-batch-processor
17:10:41.243 [main] INFO com.cobol.translator.project.ProjectGenerator -- Directory structure created
17:10:41.243 [main] INFO com.cobol.translator.project.ProjectGenerator -- Generated pom.xml
17:10:41.243 [main] INFO com.cobol.translator.project.ProjectGenerator -- Generated application.properties
17:10:41.244 [main] INFO com.cobol.translator.project.ProjectGenerator -- Generated README.md
17:10:41.244 [main] INFO com.cobol.translator.project.ProjectGenerator -- Generated .gitignore
17:10:41.244 [main] INFO com.cobol.translator.project.ProjectGenerator -- Generated main application class: CobolBatchProcessorApplication
17:10:41.244 [main] INFO com.cobol.translator.project.ProjectGenerator -- Project structure created successfully at: /tmp/junit450675226630718366/cobol-batch-processor
]]></system-out>
  </testcase>
  <testcase name="testProjectNameWithDashes" classname="com.cobol.translator.project.ProjectGeneratorTest" time="0.004">
    <system-out><![CDATA[17:10:41.246 [main] INFO com.cobol.translator.config.TranslatorConfiguration -- Configuration loaded from: /tmp/junit7097778810386326585/test-translator.properties
17:10:41.247 [main] INFO com.cobol.translator.config.TranslatorConfiguration -- Configuration loaded from: /tmp/junit7097778810386326585/custom-translator-20121109812731.properties
17:10:41.247 [main] INFO com.cobol.translator.project.ProjectGenerator -- Creating target project: /tmp/junit7097778810386326585/my-cobol-batch
17:10:41.247 [main] INFO com.cobol.translator.project.ProjectGenerator -- Directory structure created
17:10:41.247 [main] INFO com.cobol.translator.project.ProjectGenerator -- Generated pom.xml
17:10:41.247 [main] INFO com.cobol.translator.project.ProjectGenerator -- Generated application.properties
17:10:41.248 [main] INFO com.cobol.translator.project.ProjectGenerator -- Generated README.md
17:10:41.248 [main] INFO com.cobol.translator.project.ProjectGenerator -- Generated .gitignore
17:10:41.248 [main] INFO com.cobol.translator.project.ProjectGenerator -- Generated main application class: MyCobolBatchApplication
17:10:41.248 [main] INFO com.cobol.translator.project.ProjectGenerator -- Project structure created successfully at: /tmp/junit7097778810386326585/my-cobol-batch
]]></system-out>
  </testcase>
  <testcase name="testWithoutLombok" classname="com.cobol.translator.project.ProjectGeneratorTest" time="0.003">
    <system-out><![CDATA[17:10:41.250 [main] INFO com.cobol.translator.config.TranslatorConfiguration -- Configuration loaded from: /tmp/junit7836144597200375776/test-translator.properties
17:10:41.250 [main] INFO com.cobol.translator.config.TranslatorConfiguration -- Configuration loaded from: /tmp/junit7836144597200375776/custom-translator-20121113524057.properties
17:10:41.250 [main] INFO com.cobol.translator.project.ProjectGenerator -- Creating target project: /tmp/junit7836144597200375776/test-project
17:10:41.250 [main] INFO com.cobol.translator.project.ProjectGenerator -- Directory structure created
17:10:41.250 [main] INFO com.cobol.translator.project.ProjectGenerator -- Generated pom.xml
17:10:41.251 [main] INFO com.cobol.translator.project.ProjectGenerator -- Generated application.properties
17:10:41.251 [main] INFO com.cobol.translator.project.ProjectGenerator -- Generated README.md
17:10:41.251 [main] INFO com.cobol.translator.project.ProjectGenerator -- Generated .gitignore
17:10:41.251 [main] INFO com.cobol.translator.project.ProjectGenerator -- Generated main application class: TestProjectApplication
17:10:41.251 [main] INFO com.cobol.translator.project.ProjectGenerator -- Project structure created successfully at: /tmp/junit7836144597200375776/test-project
]]></system-out>
  </testcase>
  <testcase name="testWithoutReadme" classname="com.cobol.translator.project.ProjectGeneratorTest" time="0.003">
    <system-out><![CDATA[17:10:41.253 [main] INFO com.cobol.translator.config.TranslatorConfiguration -- Configuration loaded from: /tmp/junit15543851065635159880/test-translator.properties
17:10:41.253 [main] INFO com.cobol.translator.config.TranslatorConfiguration -- Configuration loaded from: /tmp/junit15543851065635159880/custom-translator-20121116530599.properties
17:10:41.253 [main] INFO com.cobol.translator.project.ProjectGenerator -- Creating target project: /tmp/junit15543851065635159880/test-project
17:10:41.253 [main] INFO com.cobol.translator.project.ProjectGenerator -- Directory structure created
17:10:41.254 [main] INFO com.cobol.translator.project.ProjectGenerator -- Generated pom.xml
17:10:41.254 [main] INFO com.cobol.translator.project.ProjectGenerator -- Generated application.properties
17:10:41.254 [main] INFO com.cobol.translator.project.ProjectGenerator -- Generated .gitignore
17:10:41.254 [main] INFO com.cobol.translator.project.ProjectGenerator -- Generated main application class: TestProjectApplication
17:10:41.254 [main] INFO com.cobol.translator.project.ProjectGenerator -- Project structure created successfully at: /tmp/junit15543851065635159880/test-project
]]></system-out>
  </testcase>
  <testcase name="testWithoutGitignore" classname="com.cobol.translator.project.ProjectGeneratorTest" time="0.002">
    <system-out><![CDATA[17:10:41.257 [main] INFO com.cobol.translator.config.TranslatorConfiguration -- Configuration loaded from: /tmp/junit9276263740398673171/test-translator.properties
17:10:41.257 [main] INFO com.cobol.translator.config.TranslatorConfiguration -- Configuration loaded from: /tmp/junit9276263740398673171/custom-translator-20121120433255.properties
17:10:41.257 [main] INFO com.cobol.translator.project.ProjectGenerator -- Creating target project: /tmp/junit9276263740398673171/test-project
17:10:41.257 [main] INFO com.cobol.translator.project.ProjectGenerator -- Directory structure created
17:10:41.257 [main] INFO com.cobol.translator.project.ProjectGenerator -- Generated pom.xml
17:10:41.257 [main] INFO com.cobol.translator.project.ProjectGenerator -- Generated application.properties
17:10:41.257 [main] INFO com.cobol.translator.project.ProjectGenerator -- Generated README.md
17:10:41.257 [main] INFO com.cobol.translator.project.ProjectGenerator -- Generated main application class: TestProjectApplication
17:10:41.258 [main] INFO com.cobol.translator.project.ProjectGenerator -- Project structure created successfully at: /tmp/junit9276263740398673171/test-project
]]></system-out>
  </testcase>
  <testcase name="testWithPostgreSql" classname="com.cobol.translator.project.ProjectGeneratorTest" time="0.004">
    <system-out><![CDATA[17:10:41.261 [main] INFO com.cobol.translator.config.TranslatorConfiguration -- Configuration loaded from: /tmp/junit2264741412986544497/test-translator.properties
17:10:41.261 [main] INFO com.cobol.translator.config.TranslatorConfiguration -- Configuration loaded from: /tmp/junit2264741412986544497/custom-translator-20121124908862.properties
17:10:41.261 [main] INFO com.cobol.translator.project.ProjectGenerator -- Creating target project: /tmp/junit2264741412986544497/test-project
17:10:41.262 [main] INFO com.cobol.translator.project.ProjectGenerator -- Directory structure created
17:10:41.262 [main] INFO com.cobol.translator.project.ProjectGenerator -- Generated pom.xml
17:10:41.262 [main] INFO com.cobol.translator.project.ProjectGenerator -- Generated application.properties
17:10:41.262 [main] INFO com.cobol.translator.project.ProjectGenerator -- Generated README.md
17:10:41.262 [main] INFO com.cobol.translator.project.ProjectGenerator -- Generated .gitignore
17:10:41.262 [main] INFO com.cobol.translator.project.ProjectGenerator -- Generated main application class: TestProjectApplication
17:10:41.262 [main] INFO com.cobol.translator.project.ProjectGenerator -- Project structure created successfully at: /tmp/junit2264741412986544497/test-project
]]></system-out>
  </testcase>
  <testcase name="testGenerateProjectReturnsPath" classname="com.cobol.translator.project.ProjectGeneratorTest" time="0.003">
    <system-out><![CDATA[17:10:41.266 [main] INFO com.cobol.translator.config.TranslatorConfiguration -- Configuration loaded from: /tmp/junit3961349791896146117/test-translator.properties
17:10:41.266 [main] INFO com.cobol.translator.project.ProjectGenerator -- Creating target project: /tmp/junit3961349791896146117/cobol-batch-processor
17:10:41.266 [main] INFO com.cobol.translator.project.ProjectGenerator -- Directory structure created
17:10:41.266 [main] INFO com.cobol.translator.project.ProjectGenerator -- Generated pom.xml
17:10:41.266 [main] INFO com.cobol.translator.project.ProjectGenerator -- Generated application.properties
17:10:41.266 [main] INFO com.cobol.translator.project.ProjectGenerator -- Generated README.md
17:10:41.266 [main] INFO com.cobol.translator.project.ProjectGenerator -- Generated .gitignore
17:10:41.266 [main] INFO com.cobol.translator.project.ProjectGenerator -- Generated main application class: CobolBatchProcessorApplication
17:10:41.266 [main] INFO com.cobol.translator.project.ProjectGenerator -- Project structure created successfully at: /tmp/junit3961349791896146117/cobol-batch-processor
]]></system-out>
  </testcase>
  <testcase name="testGenerateCompleteProject" classname="com.cobol.translator.project.ProjectGeneratorTest" time="0.01">
    <system-out><![CDATA[17:10:41.269 [main] INFO com.cobol.translator.config.TranslatorConfiguration -- Configuration loaded from: /tmp/junit7306067110826467009/test-translator.properties
17:10:41.269 [main] INFO com.cobol.translator.project.ProjectGenerator -- Creating target project: /tmp/junit7306067110826467009/cobol-batch-processor
17:10:41.270 [main] INFO com.cobol.translator.project.ProjectGenerator -- Directory structure created
17:10:41.270 [main] INFO com.cobol.translator.project.ProjectGenerator -- Generated pom.xml
17:10:41.270 [main] INFO com.cobol.translator.project.ProjectGenerator -- Generated application.properties
17:10:41.273 [main] INFO com.cobol.translator.project.ProjectGenerator -- Generated README.md
17:10:41.273 [main] INFO com.cobol.translator.project.ProjectGenerator -- Generated .gitignore
17:10:41.273 [main] INFO com.cobol.translator.project.ProjectGenerator -- Generated main application class: CobolBatchProcessorApplication
17:10:41.273 [main] INFO com.cobol.translator.project.ProjectGenerator -- Project structure created successfully at: /tmp/junit7306067110826467009/cobol-batch-processor
]]></system-out>
  </testcase>
  <testcase name="testGeneratedFilesNotEmpty" classname="com.cobol.translator.project.ProjectGeneratorTest" time="0.002">
    <system-out><![CDATA[17:10:41.281 [main] INFO com.cobol.translator.config.TranslatorConfiguration -- Configuration loaded from: /tmp/junit17735359225024801699/test-translator.properties
17:10:41.281 [main] INFO com.cobol.translator.project.ProjectGenerator -- Creating target project: /tmp/junit17735359225024801699/cobol-batch-processor
17:10:41.281 [main] INFO com.cobol.translator.project.ProjectGenerator -- Directory structure created
17:10:41.281 [main] INFO com.cobol.translator.project.ProjectGenerator -- Generated pom.xml
17:10:41.281 [main] INFO com.cobol.translator.project.ProjectGenerator -- Generated application.properties
17:10:41.281 [main] INFO com.cobol.translator.project.ProjectGenerator -- Generated README.md
17:10:41.281 [main] INFO com.cobol.translator.project.ProjectGenerator -- Generated .gitignore
17:10:41.281 [main] INFO com.cobol.translator.project.ProjectGenerator -- Generated main application class: CobolBatchProcessorApplication
17:10:41.281 [main] INFO com.cobol.translator.project.ProjectGenerator -- Project structure created successfully at: /tmp/junit17735359225024801699/cobol-batch-processor
]]></system-out>
  </testcase>
</testsuite>