<?xml version="1.0" encoding="UTF-8"?>
<testsuite xmlns:xsi="http://www.w3.org/2001/XMLSchema-instance" xsi:noNamespaceSchemaLocation="https://maven.apache.org/surefire/maven-surefire-plugin/xsd/surefire-test-report-3.0.xsd" version="3.0" name="com.cobol.translator.FillerFieldTest" time="0.033" tests="3" errors="0" skipped="0" failures="0">
  <properties>
[...]
</properties>
  <testcase name="shouldParseFILLERWithValue" classname="com.cobol.translator.FillerFieldTest" time="0.029">
    <system-out><![CDATA[11:05:54.729 [main] INFO com.cobol.translator.parser.CobolParser -- Parsing COBOL source...
11:05:54.729 [main] INFO com.cobol.translator.parser.CobolParser -- Parsed 5 data items and 0 statements
]]></system-out>
  </testcase>
  <testcase name="shouldParseFILLERFields" classname="com.cobol.translator.FillerFieldTest" time="0.002">
    <system-out><![CDATA[11:05:54.759 [main] INFO com.cobol.translator.parser.CobolParser -- Parsing COBOL source...
11:05:54.759 [main] INFO com.cobol.translator.parser.CobolParser -- Parsed 6 data items and 0 statements
]]></system-out>
  </testcase>
  <testcase name="shouldHandleMixedCaseFILLER" classname="com.cobol.translator.FillerFieldTest" time="0.001">
    <system-out><![CDATA[11:05:54.760 [main] INFO com.cobol.translator.parser.CobolParser -- Parsing COBOL source...
11:05:54.761 [main] INFO com.cobol.translator.parser.CobolParser -- Parsed 6 data items and 0 statements
]]></system-out>
  </testcase>
</testsuite>